Using pre-set license

 COMMAND LINE ARGUMENTS:
/Users/ctheard/OneDrive/Documents/Unity Build/2020.2.2f1/Unity.app/Contents/MacOS/Unity
-adb2
-batchMode
-noUpm
-name
AssetImportWorker0
-projectPath
/Users/ctheard/OneDrive/Documents/Unity 2020 Class/DecayingUndead2D/DecayingUndead2D
-logFile
Logs/AssetImportWorker0.log
-srvPort
50287
Successfully changed project path to: /Users/ctheard/OneDrive/Documents/Unity 2020 Class/DecayingUndead2D/DecayingUndead2D
/Users/ctheard/OneDrive/Documents/Unity 2020 Class/DecayingUndead2D/DecayingUndead2D
Using Asset Import Pipeline V2.
Refreshing native plugins compatible for Editor in 67.00 ms, found 2 plugins.
Preloading 0 native plugins for Editor in 0.00 ms.
Initialize engine version: 2020.2.2f1 (068178b99f32)
[Subsystems] Discovering subsystems at path /Users/ctheard/OneDrive/Documents/Unity Build/2020.2.2f1/Unity.app/Contents/Resources/UnitySubsystems
[Subsystems] Discovering subsystems at path /Users/ctheard/OneDrive/Documents/Unity 2020 Class/DecayingUndead2D/DecayingUndead2D/Assets
GfxDevice: creating device client; threaded=0
Renderer: AMD Radeon HD 6770M OpenGL Engine
Vendor:   ATI Technologies Inc.
Version:  4.1 ATI-1.68.25
GLES:     0
 GL_ARB_blend_func_extended GL_ARB_draw_buffers_blend GL_ARB_draw_indirect GL_ARB_ES2_compatibility GL_ARB_explicit_attrib_location GL_ARB_gpu_shader5 GL_ARB_instanced_arrays GL_ARB_internalformat_query GL_ARB_occlusion_query2 GL_ARB_sample_shading GL_ARB_sampler_objects GL_ARB_separate_shader_objects GL_ARB_shader_bit_encoding GL_ARB_shader_subroutine GL_ARB_shading_language_include GL_ARB_tessellation_shader GL_ARB_texture_buffer_object_rgb32 GL_ARB_texture_cube_map_array GL_ARB_texture_gather GL_ARB_texture_query_lod GL_ARB_texture_rgb10_a2ui GL_ARB_texture_storage GL_ARB_texture_swizzle GL_ARB_timer_query GL_ARB_transform_feedback2 GL_ARB_transform_feedback3 GL_ARB_vertex_type_2_10_10_10_rev GL_ARB_viewport_array GL_EXT_debug_label GL_EXT_debug_marker GL_EXT_texture_compression_s3tc GL_EXT_texture_filter_anisotropic GL_EXT_texture_mirror_clamp GL_EXT_texture_sRGB_decode GL_APPLE_client_storage GL_APPLE_container_object_shareable GL_APPLE_flush_render GL_APPLE_object_purgeable GL_APPLE_rgb_422 GL_APPLE_ro
w_bytes GL_APPLE_texture_range GL_ATI_texture_mirror_once GL_NV_texture_barrier
OPENGL LOG: Creating OpenGL 4.1 graphics device ; Context level  <OpenGL 4.1> ; Context handle -1073603072
Initialize mono
Mono path[0] = '/Users/ctheard/OneDrive/Documents/Unity Build/2020.2.2f1/Unity.app/Contents/Managed'
Mono path[1] = '/Users/ctheard/OneDrive/Documents/Unity Build/2020.2.2f1/Unity.app/Contents/MonoBleedingEdge/lib/mono/unityjit'
Mono config path = '/Users/ctheard/OneDrive/Documents/Unity Build/2020.2.2f1/Unity.app/Contents/MonoBleedingEdge/etc'
Using monoOptions --debugger-agent=transport=dt_socket,embedding=1,server=y,suspend=n,address=127.0.0.1:56853
Begin MonoManager ReloadAssembly
Registering precompiled unity dll's ...
Register platform support module: /Users/ctheard/OneDrive/Documents/Unity Build/2020.2.2f1/PlaybackEngines/WebGLSupport/UnityEditor.WebGL.Extensions.dll
Register platform support module: /Users/ctheard/OneDrive/Documents/Unity Build/2020.2.2f1/Unity.app/Contents/PlaybackEngines/MacStandaloneSupport/UnityEditor.OSXStandalone.Extensions.dll
Register platform support module: /Users/ctheard/OneDrive/Documents/Unity Build/2020.2.2f1/PlaybackEngines/WindowsStandaloneSupport/UnityEditor.WindowsStandalone.Extensions.dll
Register platform support module: /Users/ctheard/OneDrive/Documents/Unity Build/2020.2.2f1/PlaybackEngines/LinuxStandaloneSupport/UnityEditor.LinuxStandalone.Extensions.dll
Register platform support module: /Users/ctheard/OneDrive/Documents/Unity Build/2020.2.2f1/PlaybackEngines/LuminSupport/UnityEditor.Lumin.Extensions.dll
Registered in 0.001603 seconds.
Native extension for Lumin target not found
Native extension for LinuxStandalone target not found
Native extension for WindowsStandalone target not found
Native extension for OSXStandalone target not found
Native extension for WebGL target not found
Refreshing native plugins compatible for Editor in 64.24 ms, found 2 plugins.
Preloading 0 native plugins for Editor in 0.00 ms.
Invoked RoslynAnalysisRunner static constructor.
RoslynAnalysisRunner will not be running.
RoslynAnalysisRunner has terminated.
Mono: successfully reloaded assembly
- Completed reload, in  6.817 seconds
Platform modules already initialized, skipping
Registering precompiled user dll's ...
Registered in 0.000691 seconds.
Begin MonoManager ReloadAssembly
Native extension for Lumin target not found
Native extension for LinuxStandalone target not found
Native extension for WindowsStandalone target not found
Native extension for OSXStandalone target not found
Native extension for WebGL target not found
Refreshing native plugins compatible for Editor in 67.36 ms, found 2 plugins.
Preloading 0 native plugins for Editor in 0.00 ms.
Invoked RoslynAnalysisRunner static constructor.
RoslynAnalysisRunner will not be running.
RoslynAnalysisRunner has terminated.
Mono: successfully reloaded assembly
- Completed reload, in  2.059 seconds
Platform modules already initialized, skipping
========================================================================
Worker process is ready to serve import requests
Launching external process: /Users/ctheard/OneDrive/Documents/Unity Build/2020.2.2f1/Unity.app/Contents/Tools/UnityShaderCompiler
Launched and connected shader compiler UnityShaderCompiler after 0.38 seconds
Refreshing native plugins compatible for Editor in 0.45 ms, found 2 plugins.
Preloading 0 native plugins for Editor in 0.00 ms.
Unloading 1817 Unused Serialized files (Serialized files now loaded: 0)
System memory in use before: 154.9 MB.
System memory in use after: 155.0 MB.

Unloading 24 unused Assets to reduce memory usage. Loaded Objects now: 2278.
Total: 2.447486 ms (FindLiveObjects: 0.234526 ms CreateObjectMapping: 0.070126 ms MarkObjects: 1.986635 ms  DeleteObjects: 0.154306 ms)

========================================================================
Received Import Request.
  path: Assets/Prefabs/TX Village Props Platform M.prefab
  artifactKey: Guid(481a405a186ac4593a6008ca0e618ff9) Importer(815301076,1909f56bfc062723c751e8b465ee728b)
Start importing Assets/Prefabs/TX Village Props Platform M.prefab using Guid(481a405a186ac4593a6008ca0e618ff9) Importer(815301076,1909f56bfc062723c751e8b465ee728b)  -> (artifact id: '545b81618930391d1dc76118fba855aa') in 0.323508 seconds
  Import took 0.345480 seconds .

========================================================================
Received Import Request.
  Time since last request: 50.608676 seconds.
  path: Assets/Prefabs/TX Village Props Platform L.prefab
  artifactKey: Guid(6fab7600be5b344b29243462806f9d16) Importer(815301076,1909f56bfc062723c751e8b465ee728b)
Start importing Assets/Prefabs/TX Village Props Platform L.prefab using Guid(6fab7600be5b344b29243462806f9d16) Importer(815301076,1909f56bfc062723c751e8b465ee728b)  -> (artifact id: '72d91b07a65a7cc5e27b825a634ea8f3') in 0.059748 seconds
  Import took 0.108798 seconds .

========================================================================
Received Prepare
Registering precompiled user dll's ...
Registered in 0.000880 seconds.
Begin MonoManager ReloadAssembly
Native extension for Lumin target not found
Native extension for LinuxStandalone target not found
Native extension for WindowsStandalone target not found
Native extension for OSXStandalone target not found
Native extension for WebGL target not found
Refreshing native plugins compatible for Editor in 0.44 ms, found 2 plugins.
Preloading 0 native plugins for Editor in 0.00 ms.
Invoked RoslynAnalysisRunner static constructor.
RoslynAnalysisRunner will not be running.
RoslynAnalysisRunner has terminated.
Mono: successfully reloaded assembly
- Completed reload, in  1.898 seconds
Platform modules already initialized, skipping
Refreshing native plugins compatible for Editor in 0.51 ms, found 2 plugins.
Preloading 0 native plugins for Editor in 0.00 ms.
Unloading 1810 Unused Serialized files (Serialized files now loaded: 0)
System memory in use before: 163.1 MB.
System memory in use after: 163.2 MB.

Unloading 12 unused Assets to reduce memory usage. Loaded Objects now: 2288.
Total: 2.517545 ms (FindLiveObjects: 0.257199 ms CreateObjectMapping: 0.087211 ms MarkObjects: 2.039378 ms  DeleteObjects: 0.131930 ms)

========================================================================
Received Import Request.
  Time since last request: 13.222235 seconds.
  path: Assets/Prefabs/TX Village Props Platform L.prefab
  artifactKey: Guid(6fab7600be5b344b29243462806f9d16) Importer(815301076,1909f56bfc062723c751e8b465ee728b)
Start importing Assets/Prefabs/TX Village Props Platform L.prefab using Guid(6fab7600be5b344b29243462806f9d16) Importer(815301076,1909f56bfc062723c751e8b465ee728b)  -> (artifact id: '1b28d9b9efdb357b0d1f24737374391c') in 0.177117 seconds
  Import took 0.253145 seconds .

========================================================================
Received Import Request.
  Time since last request: 7.608747 seconds.
  path: Assets/Prefabs/TX Village Props Platform M.prefab
  artifactKey: Guid(481a405a186ac4593a6008ca0e618ff9) Importer(815301076,1909f56bfc062723c751e8b465ee728b)
Start importing Assets/Prefabs/TX Village Props Platform M.prefab using Guid(481a405a186ac4593a6008ca0e618ff9) Importer(815301076,1909f56bfc062723c751e8b465ee728b)  -> (artifact id: 'b6f84b4f1a1e0aca72b01f9ed37badf0') in 0.038081 seconds
  Import took 0.062782 seconds .

========================================================================
Received Import Request.
  Time since last request: 0.029497 seconds.
  path: Assets/Prefabs/TX Village Props Platform M.prefab
  artifactKey: Guid(481a405a186ac4593a6008ca0e618ff9) Importer(815301076,1909f56bfc062723c751e8b465ee728b)
Start importing Assets/Prefabs/TX Village Props Platform M.prefab using Guid(481a405a186ac4593a6008ca0e618ff9) Importer(815301076,1909f56bfc062723c751e8b465ee728b)  -> (artifact id: 'b6f84b4f1a1e0aca72b01f9ed37badf0') in 0.249982 seconds
  Import took 0.255108 seconds .

========================================================================
Received Import Request.
  Time since last request: 22.348782 seconds.
  path: Assets/Prefabs/TX Village Props Platform R.prefab
  artifactKey: Guid(3cb151c5b82e74e48b6967f7c3547144) Importer(815301076,1909f56bfc062723c751e8b465ee728b)
Start importing Assets/Prefabs/TX Village Props Platform R.prefab using Guid(3cb151c5b82e74e48b6967f7c3547144) Importer(815301076,1909f56bfc062723c751e8b465ee728b)  -> (artifact id: 'd8fa91fda2330553059b1bd459cb829e') in 0.023080 seconds
  Import took 0.027336 seconds .

========================================================================
Received Import Request.
  Time since last request: 2.519203 seconds.
  path: Assets/Prefabs/TX Village Props Platform S.prefab
  artifactKey: Guid(455929dc46c1f4e6d95ec8ad96eea80f) Importer(815301076,1909f56bfc062723c751e8b465ee728b)
Start importing Assets/Prefabs/TX Village Props Platform S.prefab using Guid(455929dc46c1f4e6d95ec8ad96eea80f) Importer(815301076,1909f56bfc062723c751e8b465ee728b)  -> (artifact id: '1d4879e65e788cffacb6d48779b712e7') in 0.019431 seconds
  Import took 0.024527 seconds .

========================================================================
Received Import Request.
  Time since last request: 7.700723 seconds.
  path: Assets/Prefabs/TX Village Props Platform W.prefab
  artifactKey: Guid(6024d7e2b83ee4cb59c6a64430952fe4) Importer(815301076,1909f56bfc062723c751e8b465ee728b)
Start importing Assets/Prefabs/TX Village Props Platform W.prefab using Guid(6024d7e2b83ee4cb59c6a64430952fe4) Importer(815301076,1909f56bfc062723c751e8b465ee728b)  -> (artifact id: '5fbdb0b3c37da679f1832cd8f3026133') in 0.046388 seconds
  Import took 0.081868 seconds .

========================================================================
Received Import Request.
  Time since last request: 134.770340 seconds.
  path: Assets/Prefabs/TX Village Props Platform M.prefab
  artifactKey: Guid(481a405a186ac4593a6008ca0e618ff9) Importer(815301076,1909f56bfc062723c751e8b465ee728b)
Start importing Assets/Prefabs/TX Village Props Platform M.prefab using Guid(481a405a186ac4593a6008ca0e618ff9) Importer(815301076,1909f56bfc062723c751e8b465ee728b)  -> (artifact id: '064141e2e17c646310788938b8ed8618') in 0.115888 seconds
  Import took 0.120056 seconds .

========================================================================
Received Import Request.
  Time since last request: 16.351206 seconds.
  path: Assets/_Scripts/PlatformMover.cs
  artifactKey: Guid(3d8521643b79b46869dbb08b0dc8d127) Importer(815301076,1909f56bfc062723c751e8b465ee728b)
Start importing Assets/_Scripts/PlatformMover.cs using Guid(3d8521643b79b46869dbb08b0dc8d127) Importer(815301076,1909f56bfc062723c751e8b465ee728b)  -> (artifact id: 'c0b5d45994234064fa50dfe11d04f885') in 0.044833 seconds
  Import took 0.048591 seconds .

========================================================================
Received Prepare
Registering precompiled user dll's ...
Registered in 0.028364 seconds.
Begin MonoManager ReloadAssembly
Native extension for Lumin target not found
Native extension for LinuxStandalone target not found
Native extension for WindowsStandalone target not found
Native extension for OSXStandalone target not found
Native extension for WebGL target not found
Refreshing native plugins compatible for Editor in 0.46 ms, found 2 plugins.
Preloading 0 native plugins for Editor in 0.00 ms.
Invoked RoslynAnalysisRunner static constructor.
RoslynAnalysisRunner will not be running.
RoslynAnalysisRunner has terminated.
Mono: successfully reloaded assembly
- Completed reload, in  1.731 seconds
Platform modules already initialized, skipping
Refreshing native plugins compatible for Editor in 0.53 ms, found 2 plugins.
Preloading 0 native plugins for Editor in 0.00 ms.
Unloading 1810 Unused Serialized files (Serialized files now loaded: 0)
System memory in use before: 165.3 MB.
System memory in use after: 165.4 MB.

Unloading 12 unused Assets to reduce memory usage. Loaded Objects now: 2292.
Total: 2.619287 ms (FindLiveObjects: 0.240649 ms CreateObjectMapping: 0.077282 ms MarkObjects: 2.063188 ms  DeleteObjects: 0.235999 ms)

========================================================================
Received Import Request.
  Time since last request: 601.838659 seconds.
  path: Assets/Prefabs/TX Village Props Platform L.prefab
  artifactKey: Guid(6fab7600be5b344b29243462806f9d16) Importer(815301076,1909f56bfc062723c751e8b465ee728b)
Start importing Assets/Prefabs/TX Village Props Platform L.prefab using Guid(6fab7600be5b344b29243462806f9d16) Importer(815301076,1909f56bfc062723c751e8b465ee728b)  -> (artifact id: '13f6559035a48029835f975ed731c6ef') in 0.089870 seconds
  Import took 0.117649 seconds .

========================================================================
Received Import Request.
  Time since last request: 0.049013 seconds.
  path: Assets/Prefabs/TX Village Props Platform L.prefab
  artifactKey: Guid(6fab7600be5b344b29243462806f9d16) Importer(815301076,1909f56bfc062723c751e8b465ee728b)
Start importing Assets/Prefabs/TX Village Props Platform L.prefab using Guid(6fab7600be5b344b29243462806f9d16) Importer(815301076,1909f56bfc062723c751e8b465ee728b)  -> (artifact id: '13f6559035a48029835f975ed731c6ef') in 0.018324 seconds
  Import took 0.023244 seconds .

========================================================================
Received Import Request.
  Time since last request: 19.112444 seconds.
  path: Assets/Prefabs/TX Village Props Platform L.prefab
  artifactKey: Guid(6fab7600be5b344b29243462806f9d16) Importer(815301076,1909f56bfc062723c751e8b465ee728b)
Start importing Assets/Prefabs/TX Village Props Platform L.prefab using Guid(6fab7600be5b344b29243462806f9d16) Importer(815301076,1909f56bfc062723c751e8b465ee728b)  -> (artifact id: '2d9696fc5b287a9212469f3f6086db30') in 0.015074 seconds
  Import took 0.019907 seconds .

========================================================================
Received Import Request.
  Time since last request: 39.541427 seconds.
  path: Assets/Prefabs/TX Village Props Platform M.prefab
  artifactKey: Guid(481a405a186ac4593a6008ca0e618ff9) Importer(815301076,1909f56bfc062723c751e8b465ee728b)
Start importing Assets/Prefabs/TX Village Props Platform M.prefab using Guid(481a405a186ac4593a6008ca0e618ff9) Importer(815301076,1909f56bfc062723c751e8b465ee728b)  -> (artifact id: 'd10fd3fa73f999dcaac96631e8cf2839') in 0.075043 seconds
  Import took 0.113199 seconds .

========================================================================
Received Import Request.
  Time since last request: 14.852681 seconds.
  path: Assets/Prefabs/TX Village Props Platform M.prefab
  artifactKey: Guid(481a405a186ac4593a6008ca0e618ff9) Importer(815301076,1909f56bfc062723c751e8b465ee728b)
Start importing Assets/Prefabs/TX Village Props Platform M.prefab using Guid(481a405a186ac4593a6008ca0e618ff9) Importer(815301076,1909f56bfc062723c751e8b465ee728b)  -> (artifact id: 'd9ea42b8cae838dcb3a07fd021de99d8') in 0.031901 seconds
  Import took 0.036378 seconds .

========================================================================
Received Import Request.
  Time since last request: 0.029381 seconds.
  path: Assets/Prefabs/TX Village Props Platform M.prefab
  artifactKey: Guid(481a405a186ac4593a6008ca0e618ff9) Importer(815301076,1909f56bfc062723c751e8b465ee728b)
Start importing Assets/Prefabs/TX Village Props Platform M.prefab using Guid(481a405a186ac4593a6008ca0e618ff9) Importer(815301076,1909f56bfc062723c751e8b465ee728b)  -> (artifact id: 'd9ea42b8cae838dcb3a07fd021de99d8') in 0.015830 seconds
  Import took 0.020079 seconds .

========================================================================
Received Import Request.
  Time since last request: 12.814109 seconds.
  path: Assets/Prefabs/TX Village Props Platform S.prefab
  artifactKey: Guid(455929dc46c1f4e6d95ec8ad96eea80f) Importer(815301076,1909f56bfc062723c751e8b465ee728b)
Start importing Assets/Prefabs/TX Village Props Platform S.prefab using Guid(455929dc46c1f4e6d95ec8ad96eea80f) Importer(815301076,1909f56bfc062723c751e8b465ee728b)  -> (artifact id: '4a51046d3e8a9ef6f408024af53fa29c') in 0.016836 seconds
  Import took 0.052119 seconds .

========================================================================
Received Import Request.
  Time since last request: 0.006355 seconds.
  path: Assets/Prefabs/TX Village Props Platform S.prefab
  artifactKey: Guid(455929dc46c1f4e6d95ec8ad96eea80f) Importer(815301076,1909f56bfc062723c751e8b465ee728b)
Start importing Assets/Prefabs/TX Village Props Platform S.prefab using Guid(455929dc46c1f4e6d95ec8ad96eea80f) Importer(815301076,1909f56bfc062723c751e8b465ee728b)  -> (artifact id: '4a51046d3e8a9ef6f408024af53fa29c') in 0.035219 seconds
  Import took 0.039864 seconds .

========================================================================
Received Import Request.
  Time since last request: 5.510480 seconds.
  path: Assets/Prefabs/TX Village Props Platform W.prefab
  artifactKey: Guid(6024d7e2b83ee4cb59c6a64430952fe4) Importer(815301076,1909f56bfc062723c751e8b465ee728b)
Start importing Assets/Prefabs/TX Village Props Platform W.prefab using Guid(6024d7e2b83ee4cb59c6a64430952fe4) Importer(815301076,1909f56bfc062723c751e8b465ee728b)  -> (artifact id: '4fb459801559862eb3ab6548699f99b7') in 0.038249 seconds
  Import took 0.064513 seconds .

========================================================================
Received Prepare
Registering precompiled user dll's ...
Registered in 0.020102 seconds.
Begin MonoManager ReloadAssembly
Native extension for Lumin target not found
Native extension for LinuxStandalone target not found
Native extension for WindowsStandalone target not found
Native extension for OSXStandalone target not found
Native extension for WebGL target not found
Refreshing native plugins compatible for Editor in 0.45 ms, found 2 plugins.
Preloading 0 native plugins for Editor in 0.00 ms.
Invoked RoslynAnalysisRunner static constructor.
RoslynAnalysisRunner will not be running.
RoslynAnalysisRunner has terminated.
Mono: successfully reloaded assembly
- Completed reload, in  1.279 seconds
Platform modules already initialized, skipping
Refreshing native plugins compatible for Editor in 0.47 ms, found 2 plugins.
Preloading 0 native plugins for Editor in 0.00 ms.
Unloading 1810 Unused Serialized files (Serialized files now loaded: 0)
System memory in use before: 166.0 MB.
System memory in use after: 166.0 MB.

Unloading 12 unused Assets to reduce memory usage. Loaded Objects now: 2296.
Total: 2.530610 ms (FindLiveObjects: 0.229717 ms CreateObjectMapping: 0.077924 ms MarkObjects: 2.077614 ms  DeleteObjects: 0.143719 ms)

========================================================================
Received Prepare
Registering precompiled user dll's ...
Registered in 0.000719 seconds.
Begin MonoManager ReloadAssembly
Native extension for Lumin target not found
Native extension for LinuxStandalone target not found
Native extension for WindowsStandalone target not found
Native extension for OSXStandalone target not found
Native extension for WebGL target not found
Refreshing native plugins compatible for Editor in 0.50 ms, found 2 plugins.
Preloading 0 native plugins for Editor in 0.00 ms.
Invoked RoslynAnalysisRunner static constructor.
RoslynAnalysisRunner will not be running.
RoslynAnalysisRunner has terminated.
Mono: successfully reloaded assembly
- Completed reload, in  1.787 seconds
Platform modules already initialized, skipping
Refreshing native plugins compatible for Editor in 0.66 ms, found 2 plugins.
Preloading 0 native plugins for Editor in 0.00 ms.
Unloading 1810 Unused Serialized files (Serialized files now loaded: 0)
System memory in use before: 166.2 MB.
System memory in use after: 166.3 MB.

Unloading 12 unused Assets to reduce memory usage. Loaded Objects now: 2299.
Total: 2.645734 ms (FindLiveObjects: 0.230480 ms CreateObjectMapping: 0.070195 ms MarkObjects: 2.176580 ms  DeleteObjects: 0.166609 ms)

========================================================================
Received Import Request.
  Time since last request: 273.794118 seconds.
  path: Assets/Animations/Player.controller
  artifactKey: Guid(1a2aeb25f092a491c9508a90c4d708a0) Importer(815301076,1909f56bfc062723c751e8b465ee728b)
Start importing Assets/Animations/Player.controller using Guid(1a2aeb25f092a491c9508a90c4d708a0) Importer(815301076,1909f56bfc062723c751e8b465ee728b)  -> (artifact id: 'ff33c7e6f4b6f457b5e332adc1123575') in 0.156481 seconds
  Import took 0.160447 seconds .

========================================================================
Received Import Request.
  Time since last request: 80.759665 seconds.
  path: ProjectSettings/TagManager.asset
  artifactKey: Guid(00000000000000003000000000000000) Importer(815301076,1909f56bfc062723c751e8b465ee728b)
Start importing ProjectSettings/TagManager.asset using Guid(00000000000000003000000000000000) Importer(815301076,1909f56bfc062723c751e8b465ee728b)  -> (artifact id: '822571dc734004938a85cffa8bb900db') in 0.047383 seconds
  Import took 0.084502 seconds .

========================================================================
Received Prepare
Registering precompiled user dll's ...
Registered in 0.029125 seconds.
Begin MonoManager ReloadAssembly
Native extension for Lumin target not found
Native extension for LinuxStandalone target not found
Native extension for WindowsStandalone target not found
Native extension for OSXStandalone target not found
Native extension for WebGL target not found
Refreshing native plugins compatible for Editor in 0.46 ms, found 2 plugins.
Preloading 0 native plugins for Editor in 0.00 ms.
Invoked RoslynAnalysisRunner static constructor.
RoslynAnalysisRunner will not be running.
RoslynAnalysisRunner has terminated.
Mono: successfully reloaded assembly
- Completed reload, in  1.881 seconds
Platform modules already initialized, skipping
Refreshing native plugins compatible for Editor in 0.47 ms, found 2 plugins.
Preloading 0 native plugins for Editor in 0.00 ms.
Unloading 1810 Unused Serialized files (Serialized files now loaded: 0)
System memory in use before: 174.8 MB.
System memory in use after: 174.8 MB.

Unloading 13 unused Assets to reduce memory usage. Loaded Objects now: 2302.
Total: 2.253258 ms (FindLiveObjects: 0.226089 ms CreateObjectMapping: 0.077844 ms MarkObjects: 1.830439 ms  DeleteObjects: 0.117024 ms)

========================================================================
Received Prepare
Registering precompiled user dll's ...
Registered in 0.000799 seconds.
Begin MonoManager ReloadAssembly
Native extension for Lumin target not found
Native extension for LinuxStandalone target not found
Native extension for WindowsStandalone target not found
Native extension for OSXStandalone target not found
Native extension for WebGL target not found
Refreshing native plugins compatible for Editor in 0.46 ms, found 2 plugins.
Preloading 0 native plugins for Editor in 0.00 ms.
Invoked RoslynAnalysisRunner static constructor.
RoslynAnalysisRunner will not be running.
RoslynAnalysisRunner has terminated.
Mono: successfully reloaded assembly
- Completed reload, in  1.767 seconds
Platform modules already initialized, skipping
Refreshing native plugins compatible for Editor in 0.52 ms, found 2 plugins.
Preloading 0 native plugins for Editor in 0.00 ms.
Unloading 1810 Unused Serialized files (Serialized files now loaded: 0)
System memory in use before: 174.9 MB.
System memory in use after: 175.0 MB.

Unloading 12 unused Assets to reduce memory usage. Loaded Objects now: 2305.
Total: 2.634953 ms (FindLiveObjects: 0.237933 ms CreateObjectMapping: 0.088178 ms MarkObjects: 2.158217 ms  DeleteObjects: 0.148951 ms)

========================================================================
Received Import Request.
  Time since last request: 201.061846 seconds.
  path: Assets/_Scripts/CharacterController2D.cs
  artifactKey: Guid(4ee606c962c5b4775bff8a51d1f4736d) Importer(815301076,1909f56bfc062723c751e8b465ee728b)
Start importing Assets/_Scripts/CharacterController2D.cs using Guid(4ee606c962c5b4775bff8a51d1f4736d) Importer(815301076,1909f56bfc062723c751e8b465ee728b)  -> (artifact id: '52f729ef560e41ad1c46654bf6530a0a') in 0.070463 seconds
  Import took 0.099755 seconds .

========================================================================
Received Import Request.
  Time since last request: 174.017331 seconds.
  path: Assets/_Scripts/MainMenuManager.cs
  artifactKey: Guid(8356c541d918d417d8d17c65d9d99981) Importer(815301076,1909f56bfc062723c751e8b465ee728b)
Start importing Assets/_Scripts/MainMenuManager.cs using Guid(8356c541d918d417d8d17c65d9d99981) Importer(815301076,1909f56bfc062723c751e8b465ee728b)  -> (artifact id: '9c2236fbf5faea12d9195efacf6b002d') in 0.236308 seconds
  Import took 0.240185 seconds .

========================================================================
Received Prepare
Registering precompiled user dll's ...
Registered in 0.017943 seconds.
Begin MonoManager ReloadAssembly
Native extension for Lumin target not found
Native extension for LinuxStandalone target not found
Native extension for WindowsStandalone target not found
Native extension for OSXStandalone target not found
Native extension for WebGL target not found
Refreshing native plugins compatible for Editor in 0.47 ms, found 2 plugins.
Preloading 0 native plugins for Editor in 0.00 ms.
Invoked RoslynAnalysisRunner static constructor.
RoslynAnalysisRunner will not be running.
RoslynAnalysisRunner has terminated.
Mono: successfully reloaded assembly
- Completed reload, in  1.333 seconds
Platform modules already initialized, skipping
Refreshing native plugins compatible for Editor in 0.47 ms, found 2 plugins.
Preloading 0 native plugins for Editor in 0.00 ms.
Unloading 1810 Unused Serialized files (Serialized files now loaded: 0)
System memory in use before: 174.8 MB.
System memory in use after: 174.8 MB.

Unloading 12 unused Assets to reduce memory usage. Loaded Objects now: 2308.
Total: 2.299974 ms (FindLiveObjects: 0.239494 ms CreateObjectMapping: 0.078112 ms MarkObjects: 1.856132 ms  DeleteObjects: 0.124403 ms)

========================================================================
Received Prepare
Registering precompiled user dll's ...
Registered in 0.000907 seconds.
Begin MonoManager ReloadAssembly
Native extension for Lumin target not found
Native extension for LinuxStandalone target not found
Native extension for WindowsStandalone target not found
Native extension for OSXStandalone target not found
Native extension for WebGL target not found
Refreshing native plugins compatible for Editor in 0.47 ms, found 2 plugins.
Preloading 0 native plugins for Editor in 0.00 ms.
Invoked RoslynAnalysisRunner static constructor.
RoslynAnalysisRunner will not be running.
RoslynAnalysisRunner has terminated.
Mono: successfully reloaded assembly
- Completed reload, in  1.846 seconds
Platform modules already initialized, skipping
Refreshing native plugins compatible for Editor in 0.52 ms, found 2 plugins.
Preloading 0 native plugins for Editor in 0.00 ms.
Unloading 1810 Unused Serialized files (Serialized files now loaded: 0)
System memory in use before: 175.3 MB.
System memory in use after: 175.4 MB.

Unloading 12 unused Assets to reduce memory usage. Loaded Objects now: 2311.
Total: 2.305659 ms (FindLiveObjects: 0.281556 ms CreateObjectMapping: 0.069380 ms MarkObjects: 1.828851 ms  DeleteObjects: 0.123299 ms)

========================================================================
Received Import Request.
  Time since last request: 708.763818 seconds.
  path: Assets/Prefabs/Rain.prefab
  artifactKey: Guid(6078090102a704b01a14e116b47dde09) Importer(815301076,1909f56bfc062723c751e8b465ee728b)
Start importing Assets/Prefabs/Rain.prefab using Guid(6078090102a704b01a14e116b47dde09) Importer(815301076,1909f56bfc062723c751e8b465ee728b)  -> (artifact id: '64517f8125a966b90c818dd7f8f86ccb') in 0.127505 seconds
  Import took 0.132135 seconds .

========================================================================
Received Import Request.
  Time since last request: 0.882563 seconds.
  path: Assets/Prefabs/Player.prefab
  artifactKey: Guid(aef794d599b9c42059ec0a490fcad927) Importer(815301076,1909f56bfc062723c751e8b465ee728b)
Start importing Assets/Prefabs/Player.prefab using Guid(aef794d599b9c42059ec0a490fcad927) Importer(815301076,1909f56bfc062723c751e8b465ee728b)  -> (artifact id: 'd7869134bb9f67574a46e8b50208e34c') in 0.217379 seconds
  Import took 0.221647 seconds .

========================================================================
Received Import Request.
  Time since last request: 114.574166 seconds.
  path: Assets/Unity Assests/Pixel_Flamer_X/Animator_controller/Pixel_Flamer_X.controller
  artifactKey: Guid(537d9d1f50c06b047b5aeaa7d0edc694) Importer(815301076,1909f56bfc062723c751e8b465ee728b)
Start importing Assets/Unity Assests/Pixel_Flamer_X/Animator_controller/Pixel_Flamer_X.controller using Guid(537d9d1f50c06b047b5aeaa7d0edc694) Importer(815301076,1909f56bfc062723c751e8b465ee728b)  -> (artifact id: '25f84e2bfa047b27de0d98d1f9485804') in 0.147436 seconds
  Import took 0.174795 seconds .

========================================================================
Received Prepare
Registering precompiled user dll's ...
Registered in 0.000722 seconds.
Begin MonoManager ReloadAssembly
Native extension for Lumin target not found
Native extension for LinuxStandalone target not found
Native extension for WindowsStandalone target not found
Native extension for OSXStandalone target not found
Native extension for WebGL target not found
Refreshing native plugins compatible for Editor in 0.50 ms, found 2 plugins.
Preloading 0 native plugins for Editor in 0.00 ms.
Invoked RoslynAnalysisRunner static constructor.
RoslynAnalysisRunner will not be running.
RoslynAnalysisRunner has terminated.
Mono: successfully reloaded assembly
- Completed reload, in  1.860 seconds
Platform modules already initialized, skipping
Refreshing native plugins compatible for Editor in 0.54 ms, found 2 plugins.
Preloading 0 native plugins for Editor in 0.00 ms.
Unloading 1810 Unused Serialized files (Serialized files now loaded: 0)
System memory in use before: 175.4 MB.
System memory in use after: 175.4 MB.

Unloading 12 unused Assets to reduce memory usage. Loaded Objects now: 2315.
Total: 2.444334 ms (FindLiveObjects: 0.217865 ms CreateObjectMapping: 0.071370 ms MarkObjects: 2.028043 ms  DeleteObjects: 0.125630 ms)

========================================================================
Received Prepare
Registering precompiled user dll's ...
Registered in 0.000826 seconds.
Begin MonoManager ReloadAssembly
Native extension for Lumin target not found
Native extension for LinuxStandalone target not found
Native extension for WindowsStandalone target not found
Native extension for OSXStandalone target not found
Native extension for WebGL target not found
Refreshing native plugins compatible for Editor in 0.49 ms, found 2 plugins.
Preloading 0 native plugins for Editor in 0.00 ms.
Invoked RoslynAnalysisRunner static constructor.
RoslynAnalysisRunner will not be running.
RoslynAnalysisRunner has terminated.
Mono: successfully reloaded assembly
- Completed reload, in  1.812 seconds
Platform modules already initialized, skipping
Refreshing native plugins compatible for Editor in 0.46 ms, found 2 plugins.
Preloading 0 native plugins for Editor in 0.00 ms.
Unloading 1810 Unused Serialized files (Serialized files now loaded: 0)
System memory in use before: 175.8 MB.
System memory in use after: 175.8 MB.

Unloading 12 unused Assets to reduce memory usage. Loaded Objects now: 2318.
Total: 3.038159 ms (FindLiveObjects: 0.239732 ms CreateObjectMapping: 0.078631 ms MarkObjects: 2.578051 ms  DeleteObjects: 0.139947 ms)

========================================================================
Received Prepare
Registering precompiled user dll's ...
Registered in 0.000682 seconds.
Begin MonoManager ReloadAssembly
Native extension for Lumin target not found
Native extension for LinuxStandalone target not found
Native extension for WindowsStandalone target not found
Native extension for OSXStandalone target not found
Native extension for WebGL target not found
Refreshing native plugins compatible for Editor in 0.47 ms, found 2 plugins.
Preloading 0 native plugins for Editor in 0.00 ms.
Invoked RoslynAnalysisRunner static constructor.
RoslynAnalysisRunner will not be running.
RoslynAnalysisRunner has terminated.
Mono: successfully reloaded assembly
- Completed reload, in  1.854 seconds
Platform modules already initialized, skipping
Refreshing native plugins compatible for Editor in 0.47 ms, found 2 plugins.
Preloading 0 native plugins for Editor in 0.00 ms.
Unloading 1810 Unused Serialized files (Serialized files now loaded: 0)
System memory in use before: 175.9 MB.
System memory in use after: 175.9 MB.

Unloading 12 unused Assets to reduce memory usage. Loaded Objects now: 2321.
Total: 2.455011 ms (FindLiveObjects: 0.226582 ms CreateObjectMapping: 0.077454 ms MarkObjects: 2.010019 ms  DeleteObjects: 0.139627 ms)

========================================================================
Received Import Request.
  Time since last request: 342.109328 seconds.
  path: Assets/_Scenes/Level2.unity
  artifactKey: Guid(fcc19fa4526864b2aab80a9fb833a428) Importer(815301076,1909f56bfc062723c751e8b465ee728b)
Start importing Assets/_Scenes/Level2.unity using Guid(fcc19fa4526864b2aab80a9fb833a428) Importer(815301076,1909f56bfc062723c751e8b465ee728b)  -> (artifact id: '766e9b87a1afacd81184bfa44e664a09') in 0.031821 seconds
  Import took 0.035665 seconds .

========================================================================
Received Import Request.
  Time since last request: 159.075534 seconds.
  path: Assets/_Scenes/Level1.unity
  artifactKey: Guid(2cda990e2423bbf4892e6590ba056729) Importer(815301076,1909f56bfc062723c751e8b465ee728b)
Start importing Assets/_Scenes/Level1.unity using Guid(2cda990e2423bbf4892e6590ba056729) Importer(815301076,1909f56bfc062723c751e8b465ee728b)  -> (artifact id: '3e1e917f31209055d4b2c1880378cb9b') in 0.004480 seconds
  Import took 0.008613 seconds .

========================================================================
Received Import Request.
  Time since last request: 0.012948 seconds.
  path: Assets/_Scenes/Level1.unity
  artifactKey: Guid(2cda990e2423bbf4892e6590ba056729) Importer(815301076,1909f56bfc062723c751e8b465ee728b)
Start importing Assets/_Scenes/Level1.unity using Guid(2cda990e2423bbf4892e6590ba056729) Importer(815301076,1909f56bfc062723c751e8b465ee728b)  -> (artifact id: '3e1e917f31209055d4b2c1880378cb9b') in 0.002439 seconds
  Import took 0.006721 seconds .

========================================================================
Received Prepare
Registering precompiled user dll's ...
Registered in 0.000729 seconds.
Begin MonoManager ReloadAssembly
Native extension for Lumin target not found
Native extension for LinuxStandalone target not found
Native extension for WindowsStandalone target not found
Native extension for OSXStandalone target not found
Native extension for WebGL target not found
Refreshing native plugins compatible for Editor in 0.44 ms, found 2 plugins.
Preloading 0 native plugins for Editor in 0.00 ms.
Invoked RoslynAnalysisRunner static constructor.
RoslynAnalysisRunner will not be running.
RoslynAnalysisRunner has terminated.
Mono: successfully reloaded assembly
- Completed reload, in  1.808 seconds
Platform modules already initialized, skipping
Refreshing native plugins compatible for Editor in 0.50 ms, found 2 plugins.
Preloading 0 native plugins for Editor in 0.00 ms.
Unloading 1810 Unused Serialized files (Serialized files now loaded: 0)
System memory in use before: 176.2 MB.
System memory in use after: 176.2 MB.

Unloading 12 unused Assets to reduce memory usage. Loaded Objects now: 2324.
Total: 2.449333 ms (FindLiveObjects: 0.208226 ms CreateObjectMapping: 0.069629 ms MarkObjects: 2.046778 ms  DeleteObjects: 0.123206 ms)

========================================================================
Received Prepare
Registering precompiled user dll's ...
Registered in 0.000812 seconds.
Begin MonoManager ReloadAssembly
Native extension for Lumin target not found
Native extension for LinuxStandalone target not found
Native extension for WindowsStandalone target not found
Native extension for OSXStandalone target not found
Native extension for WebGL target not found
Refreshing native plugins compatible for Editor in 0.47 ms, found 2 plugins.
Preloading 0 native plugins for Editor in 0.00 ms.
Invoked RoslynAnalysisRunner static constructor.
RoslynAnalysisRunner will not be running.
RoslynAnalysisRunner has terminated.
Mono: successfully reloaded assembly
- Completed reload, in  1.781 seconds
Platform modules already initialized, skipping
Refreshing native plugins compatible for Editor in 0.50 ms, found 2 plugins.
Preloading 0 native plugins for Editor in 0.00 ms.
Unloading 1810 Unused Serialized files (Serialized files now loaded: 0)
System memory in use before: 176.4 MB.
System memory in use after: 176.4 MB.

Unloading 12 unused Assets to reduce memory usage. Loaded Objects now: 2327.
Total: 2.459336 ms (FindLiveObjects: 0.261732 ms CreateObjectMapping: 0.096810 ms MarkObjects: 1.966593 ms  DeleteObjects: 0.132004 ms)

========================================================================
Received Import Request.
  Time since last request: 174.410484 seconds.
  path: Assets/_Scenes/Level2.unity
  artifactKey: Guid(fcc19fa4526864b2aab80a9fb833a428) Importer(815301076,1909f56bfc062723c751e8b465ee728b)
Start importing Assets/_Scenes/Level2.unity using Guid(fcc19fa4526864b2aab80a9fb833a428) Importer(815301076,1909f56bfc062723c751e8b465ee728b)  -> (artifact id: '8af96dda891b958ce4694dabcc85a500') in 0.036843 seconds
  Import took 0.040531 seconds .

========================================================================
Received Import Request.
  Time since last request: 17.149079 seconds.
  path: Assets/_Scenes/Level1.unity
  artifactKey: Guid(2cda990e2423bbf4892e6590ba056729) Importer(815301076,1909f56bfc062723c751e8b465ee728b)
Start importing Assets/_Scenes/Level1.unity using Guid(2cda990e2423bbf4892e6590ba056729) Importer(815301076,1909f56bfc062723c751e8b465ee728b)  -> (artifact id: 'd4203930237f729c2e745e7565db66af') in 0.014099 seconds
  Import took 0.038505 seconds .

========================================================================
Received Import Request.
  Time since last request: 114.279472 seconds.
  path: Assets/_Scenes/Level2.unity
  artifactKey: Guid(fcc19fa4526864b2aab80a9fb833a428) Importer(815301076,1909f56bfc062723c751e8b465ee728b)
Start importing Assets/_Scenes/Level2.unity using Guid(fcc19fa4526864b2aab80a9fb833a428) Importer(815301076,1909f56bfc062723c751e8b465ee728b)  -> (artifact id: '24e1614ee5c1f47eb8daca51aabb7828') in 0.031699 seconds
  Import took 0.035706 seconds .

========================================================================
Received Import Request.
  Time since last request: 182.226147 seconds.
  path: Assets/_Scripts/CharacterController2D.cs
  artifactKey: Guid(4ee606c962c5b4775bff8a51d1f4736d) Importer(815301076,1909f56bfc062723c751e8b465ee728b)
Start importing Assets/_Scripts/CharacterController2D.cs using Guid(4ee606c962c5b4775bff8a51d1f4736d) Importer(815301076,1909f56bfc062723c751e8b465ee728b)  -> (artifact id: 'af89a26ec33a32159ad24e1ce28a006f') in 0.019518 seconds
  Import took 0.023609 seconds .

========================================================================
Received Import Request.
  Time since last request: 0.000618 seconds.
  path: Assets/_Scripts/CharacterController2D.cs
  artifactKey: Guid(4ee606c962c5b4775bff8a51d1f4736d) Importer(815301076,1909f56bfc062723c751e8b465ee728b)
Start importing Assets/_Scripts/CharacterController2D.cs using Guid(4ee606c962c5b4775bff8a51d1f4736d) Importer(815301076,1909f56bfc062723c751e8b465ee728b)  -> (artifact id: 'af89a26ec33a32159ad24e1ce28a006f') in 0.001851 seconds
  Import took 0.006337 seconds .

========================================================================
Received Prepare
Registering precompiled user dll's ...
Registered in 0.000796 seconds.
Begin MonoManager ReloadAssembly
Native extension for Lumin target not found
Native extension for LinuxStandalone target not found
Native extension for WindowsStandalone target not found
Native extension for OSXStandalone target not found
Native extension for WebGL target not found
Refreshing native plugins compatible for Editor in 0.50 ms, found 2 plugins.
Preloading 0 native plugins for Editor in 0.00 ms.
Invoked RoslynAnalysisRunner static constructor.
RoslynAnalysisRunner will not be running.
RoslynAnalysisRunner has terminated.
Mono: successfully reloaded assembly
- Completed reload, in  1.391 seconds
Platform modules already initialized, skipping
Refreshing native plugins compatible for Editor in 0.46 ms, found 2 plugins.
Preloading 0 native plugins for Editor in 0.00 ms.
Unloading 1810 Unused Serialized files (Serialized files now loaded: 0)
System memory in use before: 176.3 MB.
System memory in use after: 176.3 MB.

Unloading 12 unused Assets to reduce memory usage. Loaded Objects now: 2330.
Total: 2.550297 ms (FindLiveObjects: 0.241259 ms CreateObjectMapping: 0.076112 ms MarkObjects: 2.084727 ms  DeleteObjects: 0.146172 ms)

========================================================================
Received Import Request.
  Time since last request: 72.687977 seconds.
  path: Assets/_Scripts/CharacterController2D.cs
  artifactKey: Guid(4ee606c962c5b4775bff8a51d1f4736d) Importer(815301076,1909f56bfc062723c751e8b465ee728b)
Start importing Assets/_Scripts/CharacterController2D.cs using Guid(4ee606c962c5b4775bff8a51d1f4736d) Importer(815301076,1909f56bfc062723c751e8b465ee728b)  -> (artifact id: 'daf446776356ab13cee594651a44ef44') in 0.026396 seconds
  Import took 0.050472 seconds .

========================================================================
Received Prepare
Registering precompiled user dll's ...
Registered in 0.000782 seconds.
Begin MonoManager ReloadAssembly
Native extension for Lumin target not found
Native extension for LinuxStandalone target not found
Native extension for WindowsStandalone target not found
Native extension for OSXStandalone target not found
Native extension for WebGL target not found
Refreshing native plugins compatible for Editor in 0.49 ms, found 2 plugins.
Preloading 0 native plugins for Editor in 0.00 ms.
Invoked RoslynAnalysisRunner static constructor.
RoslynAnalysisRunner will not be running.
RoslynAnalysisRunner has terminated.
Mono: successfully reloaded assembly
- Completed reload, in  1.722 seconds
Platform modules already initialized, skipping
Refreshing native plugins compatible for Editor in 0.52 ms, found 2 plugins.
Preloading 0 native plugins for Editor in 0.00 ms.
Unloading 1810 Unused Serialized files (Serialized files now loaded: 0)
System memory in use before: 176.8 MB.
System memory in use after: 176.9 MB.

Unloading 12 unused Assets to reduce memory usage. Loaded Objects now: 2333.
Total: 2.933448 ms (FindLiveObjects: 0.262419 ms CreateObjectMapping: 0.077227 ms MarkObjects: 2.443224 ms  DeleteObjects: 0.148609 ms)

========================================================================
Received Prepare
Registering precompiled user dll's ...
Registered in 0.000887 seconds.
Begin MonoManager ReloadAssembly
Native extension for Lumin target not found
Native extension for LinuxStandalone target not found
Native extension for WindowsStandalone target not found
Native extension for OSXStandalone target not found
Native extension for WebGL target not found
Refreshing native plugins compatible for Editor in 0.51 ms, found 2 plugins.
Preloading 0 native plugins for Editor in 0.00 ms.
Invoked RoslynAnalysisRunner static constructor.
RoslynAnalysisRunner will not be running.
RoslynAnalysisRunner has terminated.
Mono: successfully reloaded assembly
- Completed reload, in  1.833 seconds
Platform modules already initialized, skipping
Refreshing native plugins compatible for Editor in 0.46 ms, found 2 plugins.
Preloading 0 native plugins for Editor in 0.00 ms.
Unloading 1810 Unused Serialized files (Serialized files now loaded: 0)
System memory in use before: 176.8 MB.
System memory in use after: 176.9 MB.

Unloading 12 unused Assets to reduce memory usage. Loaded Objects now: 2336.
Total: 2.380434 ms (FindLiveObjects: 0.226286 ms CreateObjectMapping: 0.070256 ms MarkObjects: 1.925400 ms  DeleteObjects: 0.156523 ms)

========================================================================
Received Prepare
Registering precompiled user dll's ...
Registered in 0.000857 seconds.
Begin MonoManager ReloadAssembly
Native extension for Lumin target not found
Native extension for LinuxStandalone target not found
Native extension for WindowsStandalone target not found
Native extension for OSXStandalone target not found
Native extension for WebGL target not found
Refreshing native plugins compatible for Editor in 0.52 ms, found 2 plugins.
Preloading 0 native plugins for Editor in 0.00 ms.
Invoked RoslynAnalysisRunner static constructor.
RoslynAnalysisRunner will not be running.
RoslynAnalysisRunner has terminated.
Mono: successfully reloaded assembly
- Completed reload, in  1.869 seconds
Platform modules already initialized, skipping
Refreshing native plugins compatible for Editor in 0.47 ms, found 2 plugins.
Preloading 0 native plugins for Editor in 0.00 ms.
Unloading 1810 Unused Serialized files (Serialized files now loaded: 0)
System memory in use before: 177.2 MB.
System memory in use after: 177.3 MB.

Unloading 12 unused Assets to reduce memory usage. Loaded Objects now: 2339.
Total: 2.964050 ms (FindLiveObjects: 0.268309 ms CreateObjectMapping: 0.090886 ms MarkObjects: 2.415044 ms  DeleteObjects: 0.187588 ms)

========================================================================
Received Prepare
Registering precompiled user dll's ...
Registered in 0.000829 seconds.
Begin MonoManager ReloadAssembly
Native extension for Lumin target not found
Native extension for LinuxStandalone target not found
Native extension for WindowsStandalone target not found
Native extension for OSXStandalone target not found
Native extension for WebGL target not found
Refreshing native plugins compatible for Editor in 0.51 ms, found 2 plugins.
Preloading 0 native plugins for Editor in 0.00 ms.
Invoked RoslynAnalysisRunner static constructor.
RoslynAnalysisRunner will not be running.
RoslynAnalysisRunner has terminated.
Mono: successfully reloaded assembly
- Completed reload, in  1.863 seconds
Platform modules already initialized, skipping
Refreshing native plugins compatible for Editor in 0.44 ms, found 2 plugins.
Preloading 0 native plugins for Editor in 0.00 ms.
Unloading 1810 Unused Serialized files (Serialized files now loaded: 0)
System memory in use before: 177.4 MB.
System memory in use after: 177.4 MB.

Unloading 12 unused Assets to reduce memory usage. Loaded Objects now: 2342.
Total: 2.319358 ms (FindLiveObjects: 0.257251 ms CreateObjectMapping: 0.077901 ms MarkObjects: 1.857527 ms  DeleteObjects: 0.124573 ms)

========================================================================
Received Import Request.
  Time since last request: 613.291311 seconds.
  path: Assets/_Scenes/Level2.unity
  artifactKey: Guid(fcc19fa4526864b2aab80a9fb833a428) Importer(815301076,1909f56bfc062723c751e8b465ee728b)
Start importing Assets/_Scenes/Level2.unity using Guid(fcc19fa4526864b2aab80a9fb833a428) Importer(815301076,1909f56bfc062723c751e8b465ee728b)  -> (artifact id: '910cd466de264a6e66a3854573abc1d3') in 0.031012 seconds
  Import took 0.067111 seconds .

========================================================================
Received Prepare
Registering precompiled user dll's ...
Registered in 0.000783 seconds.
Begin MonoManager ReloadAssembly
Native extension for Lumin target not found
Native extension for LinuxStandalone target not found
Native extension for WindowsStandalone target not found
Native extension for OSXStandalone target not found
Native extension for WebGL target not found
Refreshing native plugins compatible for Editor in 0.47 ms, found 2 plugins.
Preloading 0 native plugins for Editor in 0.00 ms.
Invoked RoslynAnalysisRunner static constructor.
RoslynAnalysisRunner will not be running.
RoslynAnalysisRunner has terminated.
Mono: successfully reloaded assembly
- Completed reload, in  1.338 seconds
Platform modules already initialized, skipping
Refreshing native plugins compatible for Editor in 0.51 ms, found 2 plugins.
Preloading 0 native plugins for Editor in 0.00 ms.
Unloading 1810 Unused Serialized files (Serialized files now loaded: 0)
System memory in use before: 177.6 MB.
System memory in use after: 177.7 MB.

Unloading 12 unused Assets to reduce memory usage. Loaded Objects now: 2345.
Total: 2.605797 ms (FindLiveObjects: 0.246576 ms CreateObjectMapping: 0.070481 ms MarkObjects: 2.152376 ms  DeleteObjects: 0.133996 ms)

========================================================================
Received Prepare
Registering precompiled user dll's ...
Registered in 0.000815 seconds.
Begin MonoManager ReloadAssembly
Native extension for Lumin target not found
Native extension for LinuxStandalone target not found
Native extension for WindowsStandalone target not found
Native extension for OSXStandalone target not found
Native extension for WebGL target not found
Refreshing native plugins compatible for Editor in 0.47 ms, found 2 plugins.
Preloading 0 native plugins for Editor in 0.00 ms.
Invoked RoslynAnalysisRunner static constructor.
RoslynAnalysisRunner will not be running.
RoslynAnalysisRunner has terminated.
Mono: successfully reloaded assembly
- Completed reload, in  1.734 seconds
Platform modules already initialized, skipping
Refreshing native plugins compatible for Editor in 0.54 ms, found 2 plugins.
Preloading 0 native plugins for Editor in 0.00 ms.
Unloading 1810 Unused Serialized files (Serialized files now loaded: 0)
System memory in use before: 177.8 MB.
System memory in use after: 177.9 MB.

Unloading 12 unused Assets to reduce memory usage. Loaded Objects now: 2348.
Total: 2.303823 ms (FindLiveObjects: 0.235261 ms CreateObjectMapping: 0.069688 ms MarkObjects: 1.867821 ms  DeleteObjects: 0.129291 ms)

========================================================================
Received Prepare
Registering precompiled user dll's ...
Registered in 0.164084 seconds.
Begin MonoManager ReloadAssembly
Native extension for Lumin target not found
Native extension for LinuxStandalone target not found
Native extension for WindowsStandalone target not found
Native extension for OSXStandalone target not found
Native extension for WebGL target not found
Refreshing native plugins compatible for Editor in 0.47 ms, found 2 plugins.
Preloading 0 native plugins for Editor in 0.00 ms.
Invoked RoslynAnalysisRunner static constructor.
RoslynAnalysisRunner will not be running.
RoslynAnalysisRunner has terminated.
Mono: successfully reloaded assembly
- Completed reload, in  3.683 seconds
Platform modules already initialized, skipping
Refreshing native plugins compatible for Editor in 0.46 ms, found 2 plugins.
Preloading 0 native plugins for Editor in 0.00 ms.
Unloading 1810 Unused Serialized files (Serialized files now loaded: 0)
System memory in use before: 177.7 MB.
System memory in use after: 177.8 MB.

Unloading 12 unused Assets to reduce memory usage. Loaded Objects now: 2351.
Total: 2.513588 ms (FindLiveObjects: 0.253040 ms CreateObjectMapping: 0.078033 ms MarkObjects: 2.053835 ms  DeleteObjects: 0.126509 ms)

========================================================================
Received Import Request.
  Time since last request: 1613.844118 seconds.
  path: Assets/CasualGameSounds/DM-CGS-01.wav
  artifactKey: Guid(32d4b1811dda14a6cb9e059ee8ad17d2) Importer(815301076,1909f56bfc062723c751e8b465ee728b)
Start importing Assets/CasualGameSounds/DM-CGS-01.wav using Guid(32d4b1811dda14a6cb9e059ee8ad17d2) Importer(815301076,1909f56bfc062723c751e8b465ee728b)  -> (artifact id: '9d32a8a88107841e5fdfa4597b116dd2') in 2.164766 seconds
  Import took 2.204019 seconds .

========================================================================
Received Import Request.
  Time since last request: 364.988079 seconds.
  path: Assets/CasualGameSounds/DM-CGS-02.wav
  artifactKey: Guid(dc6614beca09347ec9b258f12d154bdd) Importer(815301076,1909f56bfc062723c751e8b465ee728b)
Start importing Assets/CasualGameSounds/DM-CGS-02.wav using Guid(dc6614beca09347ec9b258f12d154bdd) Importer(815301076,1909f56bfc062723c751e8b465ee728b)  -> (artifact id: '997eea8811d97bfbda06f6e74d9b99b0') in 0.036048 seconds
  Import took 0.039817 seconds .

========================================================================
Received Import Request.
  Time since last request: 5.040610 seconds.
  path: Assets/Cyberleaf Music - The 8-bit Jukebox Lite/YetAnotherJourney.wav
  artifactKey: Guid(e023b1165d71b4edb94fca9b8106ebc1) Importer(815301076,1909f56bfc062723c751e8b465ee728b)
Start importing Assets/Cyberleaf Music - The 8-bit Jukebox Lite/YetAnotherJourney.wav using Guid(e023b1165d71b4edb94fca9b8106ebc1) Importer(815301076,1909f56bfc062723c751e8b465ee728b)  -> (artifact id: 'ca7fb041c87f00aa7edfb939c290732d') in 0.030396 seconds
  Import took 0.034477 seconds .

========================================================================
Received Import Request.
  Time since last request: 0.627582 seconds.
  path: Assets/Cyberleaf Music - The 8-bit Jukebox Lite/VictoryAtLast.wav
  artifactKey: Guid(f4d80df7ce246462b8453b7852b5d5e2) Importer(815301076,1909f56bfc062723c751e8b465ee728b)
Start importing Assets/Cyberleaf Music - The 8-bit Jukebox Lite/VictoryAtLast.wav using Guid(f4d80df7ce246462b8453b7852b5d5e2) Importer(815301076,1909f56bfc062723c751e8b465ee728b)  -> (artifact id: 'ce1bbcaecb2314ad18a2b47283e2da93') in 0.024092 seconds
  Import took 0.028289 seconds .

========================================================================
Received Import Request.
  Time since last request: 13.977240 seconds.
  path: Assets/Cyberleaf Music - The 8-bit Jukebox Lite/OfGodsAndPhilosophers.wav
  artifactKey: Guid(3ae6e03c962bd4391a7acebf039583f0) Importer(815301076,1909f56bfc062723c751e8b465ee728b)
Start importing Assets/Cyberleaf Music - The 8-bit Jukebox Lite/OfGodsAndPhilosophers.wav using Guid(3ae6e03c962bd4391a7acebf039583f0) Importer(815301076,1909f56bfc062723c751e8b465ee728b)  -> (artifact id: 'be8b95ed5ff8ab35f5f2c1b2aabcf8b4') in 0.068251 seconds
  Import took 0.103018 seconds .

========================================================================
Received Import Request.
  Time since last request: 1.234507 seconds.
  path: Assets/Cyberleaf Music - The 8-bit Jukebox Lite/FightForYourLives.wav
  artifactKey: Guid(aff07b1e9489f43388b5344402878dbc) Importer(815301076,1909f56bfc062723c751e8b465ee728b)
Start importing Assets/Cyberleaf Music - The 8-bit Jukebox Lite/FightForYourLives.wav using Guid(aff07b1e9489f43388b5344402878dbc) Importer(815301076,1909f56bfc062723c751e8b465ee728b)  -> (artifact id: 'e25ebef477f03efa734b1d40ee026949') in 0.009964 seconds
  Import took 0.040204 seconds .

========================================================================
Received Import Request.
  Time since last request: 5.547145 seconds.
  path: Assets/Cyberleaf Music - The 8-bit Jukebox Lite/GoingUp.wav
  artifactKey: Guid(780107a53f66d4699b217f6762ddc93b) Importer(815301076,1909f56bfc062723c751e8b465ee728b)
Start importing Assets/Cyberleaf Music - The 8-bit Jukebox Lite/GoingUp.wav using Guid(780107a53f66d4699b217f6762ddc93b) Importer(815301076,1909f56bfc062723c751e8b465ee728b)  -> (artifact id: '0a59ab470fb9738b74c062c48b804b3d') in 0.091959 seconds
  Import took 0.095826 seconds .

========================================================================
Received Import Request.
  Time since last request: 3.782211 seconds.
  path: Assets/Cyberleaf Music - The 8-bit Jukebox Lite/InALandFarFarAway.wav
  artifactKey: Guid(5febda2db58c84a4c830ac8cf62896cc) Importer(815301076,1909f56bfc062723c751e8b465ee728b)
Start importing Assets/Cyberleaf Music - The 8-bit Jukebox Lite/InALandFarFarAway.wav using Guid(5febda2db58c84a4c830ac8cf62896cc) Importer(815301076,1909f56bfc062723c751e8b465ee728b)  -> (artifact id: '9ddf6693c178dbeee5eea131522a7fa7') in 0.020807 seconds
  Import took 0.053603 seconds .

========================================================================
Received Import Request.
  Time since last request: 20.605912 seconds.
  path: Assets/Cyberleaf Music - The 8-bit Jukebox Lite/PyramidsPyramids.wav
  artifactKey: Guid(bc8b597659d0d4c129652fc222c2324c) Importer(815301076,1909f56bfc062723c751e8b465ee728b)
Start importing Assets/Cyberleaf Music - The 8-bit Jukebox Lite/PyramidsPyramids.wav using Guid(bc8b597659d0d4c129652fc222c2324c) Importer(815301076,1909f56bfc062723c751e8b465ee728b)  -> (artifact id: '72c6cc00bedcdcbb71d01391aacc6279') in 0.114509 seconds
  Import took 0.118315 seconds .

========================================================================
Received Import Request.
  Time since last request: 6.576283 seconds.
  path: Assets/Cyberleaf Music - The 8-bit Jukebox Lite/RadioKid.wav
  artifactKey: Guid(4cc99fa2811994a28943ab9b6ac7b9c7) Importer(815301076,1909f56bfc062723c751e8b465ee728b)
Start importing Assets/Cyberleaf Music - The 8-bit Jukebox Lite/RadioKid.wav using Guid(4cc99fa2811994a28943ab9b6ac7b9c7) Importer(815301076,1909f56bfc062723c751e8b465ee728b)  -> (artifact id: '43f13848f43d97e0302843a7a39b3a95') in 0.028811 seconds
  Import took 0.032927 seconds .

========================================================================
Received Import Request.
  Time since last request: 4.685174 seconds.
  path: Assets/Cyberleaf Music - The 8-bit Jukebox Lite/TheSourceOfMana.wav
  artifactKey: Guid(472f7cd21e51649568ef6dd402c9a538) Importer(815301076,1909f56bfc062723c751e8b465ee728b)
Start importing Assets/Cyberleaf Music - The 8-bit Jukebox Lite/TheSourceOfMana.wav using Guid(472f7cd21e51649568ef6dd402c9a538) Importer(815301076,1909f56bfc062723c751e8b465ee728b)  -> (artifact id: 'fdeec8049617735b1798aefec6a2efb7') in 0.008352 seconds
  Import took 0.037257 seconds .

========================================================================
Received Import Request.
  Time since last request: 74.295129 seconds.
  path: Assets/CasualGameSounds/DM-CGS-04.wav
  artifactKey: Guid(c5e2a73ad4706440f93bf05df0b465fe) Importer(815301076,1909f56bfc062723c751e8b465ee728b)
Start importing Assets/CasualGameSounds/DM-CGS-04.wav using Guid(c5e2a73ad4706440f93bf05df0b465fe) Importer(815301076,1909f56bfc062723c751e8b465ee728b)  -> (artifact id: 'c82b69c7e4c36e63e931e084edbf8142') in 0.202315 seconds
  Import took 0.206269 seconds .

========================================================================
Received Import Request.
  Time since last request: 4.477143 seconds.
  path: Assets/CasualGameSounds/DM-CGS-05.wav
  artifactKey: Guid(b99da9a57308d4ba1bee1cf1d9038376) Importer(815301076,1909f56bfc062723c751e8b465ee728b)
Start importing Assets/CasualGameSounds/DM-CGS-05.wav using Guid(b99da9a57308d4ba1bee1cf1d9038376) Importer(815301076,1909f56bfc062723c751e8b465ee728b)  -> (artifact id: '479818bc24468b76a80bf6eea43a65d5') in 0.008410 seconds
  Import took 0.035729 seconds .

========================================================================
Received Import Request.
  Time since last request: 4.859906 seconds.
  path: Assets/CasualGameSounds/DM-CGS-06.wav
  artifactKey: Guid(a235d590ef2a04d1b85b61ef4c21337c) Importer(815301076,1909f56bfc062723c751e8b465ee728b)
Start importing Assets/CasualGameSounds/DM-CGS-06.wav using Guid(a235d590ef2a04d1b85b61ef4c21337c) Importer(815301076,1909f56bfc062723c751e8b465ee728b)  -> (artifact id: 'e06dfd8ed500bbfdf1dabaa128025a65') in 0.140274 seconds
  Import took 0.144105 seconds .

========================================================================
Received Import Request.
  Time since last request: 4.244448 seconds.
  path: Assets/CasualGameSounds/DM-CGS-07.wav
  artifactKey: Guid(2c5292ba5cf254919a6b9e2b18e04f49) Importer(815301076,1909f56bfc062723c751e8b465ee728b)
Start importing Assets/CasualGameSounds/DM-CGS-07.wav using Guid(2c5292ba5cf254919a6b9e2b18e04f49) Importer(815301076,1909f56bfc062723c751e8b465ee728b)  -> (artifact id: '7153cbdf0d832f66019b77c9c7f9c5b9') in 0.008229 seconds
  Import took 0.041634 seconds .

========================================================================
Received Import Request.
  Time since last request: 4.243845 seconds.
  path: Assets/CasualGameSounds/DM-CGS-08.wav
  artifactKey: Guid(4e1ff8faed12a475eba9be0e46072269) Importer(815301076,1909f56bfc062723c751e8b465ee728b)
Start importing Assets/CasualGameSounds/DM-CGS-08.wav using Guid(4e1ff8faed12a475eba9be0e46072269) Importer(815301076,1909f56bfc062723c751e8b465ee728b)  -> (artifact id: 'd2467111261c35d76cb1a671a0597796') in 0.030243 seconds
  Import took 0.034333 seconds .

========================================================================
Received Import Request.
  Time since last request: 3.823062 seconds.
  path: Assets/CasualGameSounds/DM-CGS-09.wav
  artifactKey: Guid(ff5f85da24bc943d1abdc5760a22bc81) Importer(815301076,1909f56bfc062723c751e8b465ee728b)
Start importing Assets/CasualGameSounds/DM-CGS-09.wav using Guid(ff5f85da24bc943d1abdc5760a22bc81) Importer(815301076,1909f56bfc062723c751e8b465ee728b)  -> (artifact id: '1f192fd5fe5c220350e061347027eff5') in 0.056099 seconds
  Import took 0.059899 seconds .

========================================================================
Received Import Request.
  Time since last request: 3.807125 seconds.
  path: Assets/CasualGameSounds/DM-CGS-10.wav
  artifactKey: Guid(cabfae866cab347928b74b7d0ca6bfa9) Importer(815301076,1909f56bfc062723c751e8b465ee728b)
Start importing Assets/CasualGameSounds/DM-CGS-10.wav using Guid(cabfae866cab347928b74b7d0ca6bfa9) Importer(815301076,1909f56bfc062723c751e8b465ee728b)  -> (artifact id: 'e1c3fe81d0ec004622df2801fdab77d9') in 0.067632 seconds
  Import took 0.100126 seconds .

========================================================================
Received Import Request.
  Time since last request: 2.879792 seconds.
  path: Assets/CasualGameSounds/DM-CGS-11.wav
  artifactKey: Guid(a0010a1a0c474473b81729eb770c485f) Importer(815301076,1909f56bfc062723c751e8b465ee728b)
Start importing Assets/CasualGameSounds/DM-CGS-11.wav using Guid(a0010a1a0c474473b81729eb770c485f) Importer(815301076,1909f56bfc062723c751e8b465ee728b)  -> (artifact id: '68483e79a3849dedce08308ef61f3ff3') in 0.008456 seconds
  Import took 0.029116 seconds .

========================================================================
Received Import Request.
  Time since last request: 2.971793 seconds.
  path: Assets/CasualGameSounds/DM-CGS-12.wav
  artifactKey: Guid(7478151cf36724a7dada558f746c3633) Importer(815301076,1909f56bfc062723c751e8b465ee728b)
Start importing Assets/CasualGameSounds/DM-CGS-12.wav using Guid(7478151cf36724a7dada558f746c3633) Importer(815301076,1909f56bfc062723c751e8b465ee728b)  -> (artifact id: 'fa59506ae91b934b9baac4c3be8882db') in 0.023973 seconds
  Import took 0.027923 seconds .

========================================================================
Received Import Request.
  Time since last request: 3.344032 seconds.
  path: Assets/CasualGameSounds/DM-CGS-13.wav
  artifactKey: Guid(72127805eb2bc4e7fbf2e02eca266cfa) Importer(815301076,1909f56bfc062723c751e8b465ee728b)
Start importing Assets/CasualGameSounds/DM-CGS-13.wav using Guid(72127805eb2bc4e7fbf2e02eca266cfa) Importer(815301076,1909f56bfc062723c751e8b465ee728b)  -> (artifact id: '940dd9aeeb76074bee83abeee56def54') in 0.008963 seconds
  Import took 0.013076 seconds .

========================================================================
Received Import Request.
  Time since last request: 2.732701 seconds.
  path: Assets/CasualGameSounds/DM-CGS-14.wav
  artifactKey: Guid(b6428d4edb06344ba829da4edd9967c1) Importer(815301076,1909f56bfc062723c751e8b465ee728b)
Start importing Assets/CasualGameSounds/DM-CGS-14.wav using Guid(b6428d4edb06344ba829da4edd9967c1) Importer(815301076,1909f56bfc062723c751e8b465ee728b)  -> (artifact id: 'acd5e464b212cc1525e57d29caa15f9c') in 0.046083 seconds
  Import took 0.050186 seconds .

========================================================================
Received Import Request.
  Time since last request: 2.478587 seconds.
  path: Assets/CasualGameSounds/DM-CGS-15.wav
  artifactKey: Guid(0c008ee3ee72a4362a35be25fa5de043) Importer(815301076,1909f56bfc062723c751e8b465ee728b)
Start importing Assets/CasualGameSounds/DM-CGS-15.wav using Guid(0c008ee3ee72a4362a35be25fa5de043) Importer(815301076,1909f56bfc062723c751e8b465ee728b)  -> (artifact id: '063196aee33c85f51fa57827ee739f35') in 0.011852 seconds
  Import took 0.016086 seconds .

========================================================================
Received Import Request.
  Time since last request: 0.002072 seconds.
  path: Assets/CasualGameSounds/DM-CGS-15.wav
  artifactKey: Guid(0c008ee3ee72a4362a35be25fa5de043) Importer(815301076,1909f56bfc062723c751e8b465ee728b)
Start importing Assets/CasualGameSounds/DM-CGS-15.wav using Guid(0c008ee3ee72a4362a35be25fa5de043) Importer(815301076,1909f56bfc062723c751e8b465ee728b)  -> (artifact id: '063196aee33c85f51fa57827ee739f35') in 0.038207 seconds
  Import took 0.042594 seconds .

========================================================================
Received Import Request.
  Time since last request: 2.880383 seconds.
  path: Assets/CasualGameSounds/DM-CGS-16.wav
  artifactKey: Guid(724131bc8a7f34041bb9f1701f0cb58d) Importer(815301076,1909f56bfc062723c751e8b465ee728b)
Start importing Assets/CasualGameSounds/DM-CGS-16.wav using Guid(724131bc8a7f34041bb9f1701f0cb58d) Importer(815301076,1909f56bfc062723c751e8b465ee728b)  -> (artifact id: 'aa29f5ed1d30015b24dabb390d93fe47') in 0.037952 seconds
  Import took 0.041669 seconds .

========================================================================
Received Import Request.
  Time since last request: 2.503174 seconds.
  path: Assets/CasualGameSounds/DM-CGS-17.wav
  artifactKey: Guid(b9eff218e132a4e76be78840eca96fb2) Importer(815301076,1909f56bfc062723c751e8b465ee728b)
Start importing Assets/CasualGameSounds/DM-CGS-17.wav using Guid(b9eff218e132a4e76be78840eca96fb2) Importer(815301076,1909f56bfc062723c751e8b465ee728b)  -> (artifact id: '5af85ad20c2557ae994171dfdc388b71') in 0.025898 seconds
  Import took 0.030024 seconds .

========================================================================
Received Import Request.
  Time since last request: 6.412482 seconds.
  path: Assets/CasualGameSounds/DM-CGS-18.wav
  artifactKey: Guid(2667a0a008b044e218b63df62e2be749) Importer(815301076,1909f56bfc062723c751e8b465ee728b)
Start importing Assets/CasualGameSounds/DM-CGS-18.wav using Guid(2667a0a008b044e218b63df62e2be749) Importer(815301076,1909f56bfc062723c751e8b465ee728b)  -> (artifact id: '40bc814300694f5a9e8c1b6132dd60d9') in 0.059382 seconds
  Import took 0.108995 seconds .

========================================================================
Received Import Request.
  Time since last request: 3.543038 seconds.
  path: Assets/CasualGameSounds/DM-CGS-19.wav
  artifactKey: Guid(81652031b64c342cc8dbc59c138d77c5) Importer(815301076,1909f56bfc062723c751e8b465ee728b)
Start importing Assets/CasualGameSounds/DM-CGS-19.wav using Guid(81652031b64c342cc8dbc59c138d77c5) Importer(815301076,1909f56bfc062723c751e8b465ee728b)  -> (artifact id: 'fba3c11ccde3a1dd6af6bb0043553cd9') in 0.053075 seconds
  Import took 0.095785 seconds .

========================================================================
Received Import Request.
  Time since last request: 4.048950 seconds.
  path: Assets/CasualGameSounds/DM-CGS-21.wav
  artifactKey: Guid(ffb159a21c8a04135a5616979c828fab) Importer(815301076,1909f56bfc062723c751e8b465ee728b)
Start importing Assets/CasualGameSounds/DM-CGS-21.wav using Guid(ffb159a21c8a04135a5616979c828fab) Importer(815301076,1909f56bfc062723c751e8b465ee728b)  -> (artifact id: 'd785d5f3cb4d686b1befa253b1dcb495') in 0.017277 seconds
  Import took 0.021267 seconds .

========================================================================
Received Import Request.
  Time since last request: 0.002983 seconds.
  path: Assets/CasualGameSounds/DM-CGS-21.wav
  artifactKey: Guid(ffb159a21c8a04135a5616979c828fab) Importer(815301076,1909f56bfc062723c751e8b465ee728b)
Start importing Assets/CasualGameSounds/DM-CGS-21.wav using Guid(ffb159a21c8a04135a5616979c828fab) Importer(815301076,1909f56bfc062723c751e8b465ee728b)  -> (artifact id: 'd785d5f3cb4d686b1befa253b1dcb495') in 0.008975 seconds
  Import took 0.013127 seconds .

========================================================================
Received Import Request.
  Time since last request: 0.743872 seconds.
  path: Assets/CasualGameSounds/DM-CGS-20.wav
  artifactKey: Guid(6e8772b49f34d402a90016ed445d8a2f) Importer(815301076,1909f56bfc062723c751e8b465ee728b)
Start importing Assets/CasualGameSounds/DM-CGS-20.wav using Guid(6e8772b49f34d402a90016ed445d8a2f) Importer(815301076,1909f56bfc062723c751e8b465ee728b)  -> (artifact id: '357a29d6350685e019899b92e7149eb3') in 0.011371 seconds
  Import took 0.015761 seconds .

========================================================================
Received Import Request.
  Time since last request: 55.544984 seconds.
  path: Assets/CasualGameSounds/DM-CGS-50.wav
  artifactKey: Guid(79e6baad2fd414b82a6d49ce1568d2e5) Importer(815301076,1909f56bfc062723c751e8b465ee728b)
Start importing Assets/CasualGameSounds/DM-CGS-50.wav using Guid(79e6baad2fd414b82a6d49ce1568d2e5) Importer(815301076,1909f56bfc062723c751e8b465ee728b)  -> (artifact id: '412e96ea68f4341e1b33c4aa764dfa11') in 0.031655 seconds
  Import took 0.035802 seconds .

========================================================================
Received Import Request.
  Time since last request: 5.478316 seconds.
  path: Assets/CasualGameSounds/DM-CGS-49.wav
  artifactKey: Guid(7bef0064f8567430cac22499c6b93d4f) Importer(815301076,1909f56bfc062723c751e8b465ee728b)
Start importing Assets/CasualGameSounds/DM-CGS-49.wav using Guid(7bef0064f8567430cac22499c6b93d4f) Importer(815301076,1909f56bfc062723c751e8b465ee728b)  -> (artifact id: 'dd07a2468de33b80678adb47f6d3abd9') in 0.077373 seconds
  Import took 0.130601 seconds .

========================================================================
Received Import Request.
  Time since last request: 5.628021 seconds.
  path: Assets/CasualGameSounds/DM-CGS-48.wav
  artifactKey: Guid(7e26c9daf4c32483b9c2790e662d3f1b) Importer(815301076,1909f56bfc062723c751e8b465ee728b)
Start importing Assets/CasualGameSounds/DM-CGS-48.wav using Guid(7e26c9daf4c32483b9c2790e662d3f1b) Importer(815301076,1909f56bfc062723c751e8b465ee728b)  -> (artifact id: '8c5b4bca66d5831c00dc62409c65157f') in 0.301655 seconds
  Import took 0.305629 seconds .

========================================================================
Received Import Request.
  Time since last request: 2.082584 seconds.
  path: Assets/CasualGameSounds/DM-CGS-47.wav
  artifactKey: Guid(d46323e22e74e46baa241cbf48c85671) Importer(815301076,1909f56bfc062723c751e8b465ee728b)
Start importing Assets/CasualGameSounds/DM-CGS-47.wav using Guid(d46323e22e74e46baa241cbf48c85671) Importer(815301076,1909f56bfc062723c751e8b465ee728b)  -> (artifact id: '028741c5f0be55465b4e744e5d9ef7dc') in 0.284382 seconds
  Import took 0.288353 seconds .

========================================================================
Received Import Request.
  Time since last request: 6.134889 seconds.
  path: Assets/CasualGameSounds/DM-CGS-46.wav
  artifactKey: Guid(fe0b1f9aeb45b41b089175aeeabd5d95) Importer(815301076,1909f56bfc062723c751e8b465ee728b)
Start importing Assets/CasualGameSounds/DM-CGS-46.wav using Guid(fe0b1f9aeb45b41b089175aeeabd5d95) Importer(815301076,1909f56bfc062723c751e8b465ee728b)  -> (artifact id: '2e60ad7fa66cf82bd3c54069bcb82ada') in 0.009392 seconds
  Import took 0.013320 seconds .

========================================================================
Received Import Request.
  Time since last request: 4.574277 seconds.
  path: Assets/CasualGameSounds/DM-CGS-45.wav
  artifactKey: Guid(52320e590bf774734a288886eba557ba) Importer(815301076,1909f56bfc062723c751e8b465ee728b)
Start importing Assets/CasualGameSounds/DM-CGS-45.wav using Guid(52320e590bf774734a288886eba557ba) Importer(815301076,1909f56bfc062723c751e8b465ee728b)  -> (artifact id: '4730ed79296f33578e570eca53c8098e') in 0.102898 seconds
  Import took 0.106949 seconds .

========================================================================
Received Import Request.
  Time since last request: 2.425137 seconds.
  path: Assets/CasualGameSounds/DM-CGS-44.wav
  artifactKey: Guid(b43d102aac6b145468dcaa94a5cccae1) Importer(815301076,1909f56bfc062723c751e8b465ee728b)
Start importing Assets/CasualGameSounds/DM-CGS-44.wav using Guid(b43d102aac6b145468dcaa94a5cccae1) Importer(815301076,1909f56bfc062723c751e8b465ee728b)  -> (artifact id: '2b7c4dbbd9d021dc0742b6c3793f251a') in 0.035439 seconds
  Import took 0.039084 seconds .

========================================================================
Received Import Request.
  Time since last request: 2.432617 seconds.
  path: Assets/CasualGameSounds/DM-CGS-43.wav
  artifactKey: Guid(4b4dd7245f6104c8c8eb07ccf6b386ed) Importer(815301076,1909f56bfc062723c751e8b465ee728b)
Start importing Assets/CasualGameSounds/DM-CGS-43.wav using Guid(4b4dd7245f6104c8c8eb07ccf6b386ed) Importer(815301076,1909f56bfc062723c751e8b465ee728b)  -> (artifact id: 'ed14493be9d0cc02e6c0b1d4a3edd7af') in 0.061304 seconds
  Import took 0.065253 seconds .

========================================================================
Received Import Request.
  Time since last request: 2.060566 seconds.
  path: Assets/CasualGameSounds/DM-CGS-41.wav
  artifactKey: Guid(7e9ee6dc04a5d40d1a5dfc4beb9865e7) Importer(815301076,1909f56bfc062723c751e8b465ee728b)
Start importing Assets/CasualGameSounds/DM-CGS-41.wav using Guid(7e9ee6dc04a5d40d1a5dfc4beb9865e7) Importer(815301076,1909f56bfc062723c751e8b465ee728b)  -> (artifact id: 'fbbee7e5a3d910bb693080f55bae4265') in 0.080667 seconds
  Import took 0.084554 seconds .

========================================================================
Received Import Request.
  Time since last request: 2.297133 seconds.
  path: Assets/CasualGameSounds/DM-CGS-42.wav
  artifactKey: Guid(38a17a92b9d9748c6a1e67972041b833) Importer(815301076,1909f56bfc062723c751e8b465ee728b)
Start importing Assets/CasualGameSounds/DM-CGS-42.wav using Guid(38a17a92b9d9748c6a1e67972041b833) Importer(815301076,1909f56bfc062723c751e8b465ee728b)  -> (artifact id: 'f233d509d8b67e6ec58c51df1d901fa9') in 0.068546 seconds
  Import took 0.099607 seconds .

========================================================================
Received Import Request.
  Time since last request: 2.647909 seconds.
  path: Assets/CasualGameSounds/DM-CGS-40.wav
  artifactKey: Guid(0994c12e202f342459a4212e7287f7e8) Importer(815301076,1909f56bfc062723c751e8b465ee728b)
Start importing Assets/CasualGameSounds/DM-CGS-40.wav using Guid(0994c12e202f342459a4212e7287f7e8) Importer(815301076,1909f56bfc062723c751e8b465ee728b)  -> (artifact id: '55ca7bdf26d5647c8fa94dd10bece282') in 0.014052 seconds
  Import took 0.041552 seconds .

========================================================================
Received Import Request.
  Time since last request: 2.426144 seconds.
  path: Assets/CasualGameSounds/DM-CGS-39.wav
  artifactKey: Guid(3becec1909f194046945d85ac1077772) Importer(815301076,1909f56bfc062723c751e8b465ee728b)
Start importing Assets/CasualGameSounds/DM-CGS-39.wav using Guid(3becec1909f194046945d85ac1077772) Importer(815301076,1909f56bfc062723c751e8b465ee728b)  -> (artifact id: '287fcdb0cb8aea5131c31330d9f0b7e2') in 0.008687 seconds
  Import took 0.035415 seconds .

========================================================================
Received Import Request.
  Time since last request: 2.188852 seconds.
  path: Assets/CasualGameSounds/DM-CGS-37.wav
  artifactKey: Guid(a931da70ee74947d5a047de583170ade) Importer(815301076,1909f56bfc062723c751e8b465ee728b)
Start importing Assets/CasualGameSounds/DM-CGS-37.wav using Guid(a931da70ee74947d5a047de583170ade) Importer(815301076,1909f56bfc062723c751e8b465ee728b)  -> (artifact id: 'c6fb1fa86eeb13d09f3f80380c036c3a') in 0.009381 seconds
  Import took 0.013421 seconds .

========================================================================
Received Import Request.
  Time since last request: 2.414791 seconds.
  path: Assets/CasualGameSounds/DM-CGS-38.wav
  artifactKey: Guid(84e427d6b66ab4066b6a4dcd0ce819ee) Importer(815301076,1909f56bfc062723c751e8b465ee728b)
Start importing Assets/CasualGameSounds/DM-CGS-38.wav using Guid(84e427d6b66ab4066b6a4dcd0ce819ee) Importer(815301076,1909f56bfc062723c751e8b465ee728b)  -> (artifact id: '05d8a6c763f6c222850293189df09370') in 0.014599 seconds
  Import took 0.018706 seconds .

========================================================================
Received Import Request.
  Time since last request: 0.003429 seconds.
  path: Assets/CasualGameSounds/DM-CGS-38.wav
  artifactKey: Guid(84e427d6b66ab4066b6a4dcd0ce819ee) Importer(815301076,1909f56bfc062723c751e8b465ee728b)
Start importing Assets/CasualGameSounds/DM-CGS-38.wav using Guid(84e427d6b66ab4066b6a4dcd0ce819ee) Importer(815301076,1909f56bfc062723c751e8b465ee728b)  -> (artifact id: '05d8a6c763f6c222850293189df09370') in 0.009146 seconds
  Import took 0.013569 seconds .

========================================================================
Received Import Request.
  Time since last request: 2.311005 seconds.
  path: Assets/CasualGameSounds/DM-CGS-36.wav
  artifactKey: Guid(df729d213c4be44a9b55cd109f5cd4f9) Importer(815301076,1909f56bfc062723c751e8b465ee728b)
Start importing Assets/CasualGameSounds/DM-CGS-36.wav using Guid(df729d213c4be44a9b55cd109f5cd4f9) Importer(815301076,1909f56bfc062723c751e8b465ee728b)  -> (artifact id: '6a5aeec878b01132e1a89f5aeaab0c6b') in 0.011319 seconds
  Import took 0.016136 seconds .

========================================================================
Received Import Request.
  Time since last request: 0.001941 seconds.
  path: Assets/CasualGameSounds/DM-CGS-36.wav
  artifactKey: Guid(df729d213c4be44a9b55cd109f5cd4f9) Importer(815301076,1909f56bfc062723c751e8b465ee728b)
Start importing Assets/CasualGameSounds/DM-CGS-36.wav using Guid(df729d213c4be44a9b55cd109f5cd4f9) Importer(815301076,1909f56bfc062723c751e8b465ee728b)  -> (artifact id: '6a5aeec878b01132e1a89f5aeaab0c6b') in 0.015875 seconds
  Import took 0.020170 seconds .

========================================================================
Received Import Request.
  Time since last request: 2.477470 seconds.
  path: Assets/CasualGameSounds/DM-CGS-35.wav
  artifactKey: Guid(89e6bc608da7b47d4914f3d9c2484e48) Importer(815301076,1909f56bfc062723c751e8b465ee728b)
Start importing Assets/CasualGameSounds/DM-CGS-35.wav using Guid(89e6bc608da7b47d4914f3d9c2484e48) Importer(815301076,1909f56bfc062723c751e8b465ee728b)  -> (artifact id: '012afcf85e574faf5e375e5162b3dc55') in 0.020555 seconds
  Import took 0.047653 seconds .

========================================================================
Received Import Request.
  Time since last request: 2.055772 seconds.
  path: Assets/CasualGameSounds/DM-CGS-33.wav
  artifactKey: Guid(35fbad8cdde724f11ba6481f1e64af71) Importer(815301076,1909f56bfc062723c751e8b465ee728b)
Start importing Assets/CasualGameSounds/DM-CGS-33.wav using Guid(35fbad8cdde724f11ba6481f1e64af71) Importer(815301076,1909f56bfc062723c751e8b465ee728b)  -> (artifact id: '708fe64811e6182526e9b507b61d547c') in 0.011695 seconds
  Import took 0.054608 seconds .

========================================================================
Received Import Request.
  Time since last request: 2.498883 seconds.
  path: Assets/CasualGameSounds/DM-CGS-31.wav
  artifactKey: Guid(cf6c0e7fbef9449c98a0cdb5ea0c4d9f) Importer(815301076,1909f56bfc062723c751e8b465ee728b)
Start importing Assets/CasualGameSounds/DM-CGS-31.wav using Guid(cf6c0e7fbef9449c98a0cdb5ea0c4d9f) Importer(815301076,1909f56bfc062723c751e8b465ee728b)  -> (artifact id: 'ecab1269f913fefd343bdbb01ff1dc3c') in 0.035435 seconds
  Import took 0.039468 seconds .

========================================================================
Received Import Request.
  Time since last request: 2.167977 seconds.
  path: Assets/CasualGameSounds/DM-CGS-29.wav
  artifactKey: Guid(80e397195ea2940b69ee7bdbded856a5) Importer(815301076,1909f56bfc062723c751e8b465ee728b)
Start importing Assets/CasualGameSounds/DM-CGS-29.wav using Guid(80e397195ea2940b69ee7bdbded856a5) Importer(815301076,1909f56bfc062723c751e8b465ee728b)  -> (artifact id: '4a4015b0e799f1fa82b4a532afe09384') in 0.033403 seconds
  Import took 0.037304 seconds .

========================================================================
Received Import Request.
  Time since last request: 2.405752 seconds.
  path: Assets/CasualGameSounds/DM-CGS-27.wav
  artifactKey: Guid(5039414d94a6e4e70a5ab9e8833e992a) Importer(815301076,1909f56bfc062723c751e8b465ee728b)
Start importing Assets/CasualGameSounds/DM-CGS-27.wav using Guid(5039414d94a6e4e70a5ab9e8833e992a) Importer(815301076,1909f56bfc062723c751e8b465ee728b)  -> (artifact id: 'f2d0271c48c76df97804642115459385') in 0.078975 seconds
  Import took 0.108847 seconds .

========================================================================
Received Import Request.
  Time since last request: 5.261301 seconds.
  path: Assets/Cyberleaf Music - The 8-bit Jukebox Lite/8BitNinjas.wav
  artifactKey: Guid(c83b804552f5e4deeb1d8118dadd7579) Importer(815301076,1909f56bfc062723c751e8b465ee728b)
Start importing Assets/Cyberleaf Music - The 8-bit Jukebox Lite/8BitNinjas.wav using Guid(c83b804552f5e4deeb1d8118dadd7579) Importer(815301076,1909f56bfc062723c751e8b465ee728b)  -> (artifact id: 'bec64bb150630b39346dc9672d003e9b') in 0.080565 seconds
  Import took 0.084437 seconds .

========================================================================
Received Import Request.
  Time since last request: 4.731930 seconds.
  path: Assets/Cyberleaf Music - The 8-bit Jukebox Lite/TheSpaceIsFullOf$tars.wav
  artifactKey: Guid(c0ba79ddfcb0f4ee2987f8fc65db873b) Importer(815301076,1909f56bfc062723c751e8b465ee728b)
Start importing Assets/Cyberleaf Music - The 8-bit Jukebox Lite/TheSpaceIsFullOf$tars.wav using Guid(c0ba79ddfcb0f4ee2987f8fc65db873b) Importer(815301076,1909f56bfc062723c751e8b465ee728b)  -> (artifact id: 'c4f424daa01f44db066d2142551985af') in 0.150053 seconds
  Import took 0.153858 seconds .

========================================================================
Received Import Request.
  Time since last request: 2.328414 seconds.
  path: Assets/Cyberleaf Music - The 8-bit Jukebox Lite/WakingTheDemons.wav
  artifactKey: Guid(847b59bc0c490456a95f9c5a9c59b14b) Importer(815301076,1909f56bfc062723c751e8b465ee728b)
Start importing Assets/Cyberleaf Music - The 8-bit Jukebox Lite/WakingTheDemons.wav using Guid(847b59bc0c490456a95f9c5a9c59b14b) Importer(815301076,1909f56bfc062723c751e8b465ee728b)  -> (artifact id: '0fef8f859e47966c1e4af276939bc1b3') in 0.060445 seconds
  Import took 0.064448 seconds .

========================================================================
Received Import Request.
  Time since last request: 15.007682 seconds.
  path: Assets/CasualGameSounds/DM-CGS-03.wav
  artifactKey: Guid(19f89c6e740e7447f9e12a8310d3e973) Importer(815301076,1909f56bfc062723c751e8b465ee728b)
Start importing Assets/CasualGameSounds/DM-CGS-03.wav using Guid(19f89c6e740e7447f9e12a8310d3e973) Importer(815301076,1909f56bfc062723c751e8b465ee728b)  -> (artifact id: '40f9813d278bbffe2b0625a28b73bc94') in 0.012810 seconds
  Import took 0.017055 seconds .

========================================================================
Received Import Request.
  Time since last request: 0.000570 seconds.
  path: Assets/CasualGameSounds/DM-CGS-03.wav
  artifactKey: Guid(19f89c6e740e7447f9e12a8310d3e973) Importer(815301076,1909f56bfc062723c751e8b465ee728b)
Start importing Assets/CasualGameSounds/DM-CGS-03.wav using Guid(19f89c6e740e7447f9e12a8310d3e973) Importer(815301076,1909f56bfc062723c751e8b465ee728b)  -> (artifact id: '40f9813d278bbffe2b0625a28b73bc94') in 0.012141 seconds
  Import took 0.016273 seconds .

========================================================================
Received Import Request.
  Time since last request: 91.136129 seconds.
  path: Assets/CasualGameSounds/DM-CGS-22.wav
  artifactKey: Guid(d8d04c6f80a1140db85ede568dab1f51) Importer(815301076,1909f56bfc062723c751e8b465ee728b)
Start importing Assets/CasualGameSounds/DM-CGS-22.wav using Guid(d8d04c6f80a1140db85ede568dab1f51) Importer(815301076,1909f56bfc062723c751e8b465ee728b)  -> (artifact id: 'ab3a28a11bcdfb2f1a63874a99edbf8c') in 0.073558 seconds
  Import took 0.077311 seconds .

========================================================================
Received Import Request.
  Time since last request: 1.923840 seconds.
  path: Assets/CasualGameSounds/DM-CGS-25.wav
  artifactKey: Guid(5fdb13d3756c84fecac96f5a2d124370) Importer(815301076,1909f56bfc062723c751e8b465ee728b)
Start importing Assets/CasualGameSounds/DM-CGS-25.wav using Guid(5fdb13d3756c84fecac96f5a2d124370) Importer(815301076,1909f56bfc062723c751e8b465ee728b)  -> (artifact id: 'ae55951cdc9f861075ee9199daad3636') in 0.030195 seconds
  Import took 0.051513 seconds .

========================================================================
Received Import Request.
  Time since last request: 109.959641 seconds.
  path: Assets/_Scenes/Level1.unity
  artifactKey: Guid(2cda990e2423bbf4892e6590ba056729) Importer(815301076,1909f56bfc062723c751e8b465ee728b)
Start importing Assets/_Scenes/Level1.unity using Guid(2cda990e2423bbf4892e6590ba056729) Importer(815301076,1909f56bfc062723c751e8b465ee728b)  -> (artifact id: '29d5414b6711465edb73bc9baa7ff7ef') in 0.138929 seconds
  Import took 0.161176 seconds .

========================================================================
Received Import Request.
  Time since last request: 51.199442 seconds.
  path: Assets/CasualGameSounds/DM-CGS-30.wav
  artifactKey: Guid(130a177e727814a2ea78a886ab72213d) Importer(815301076,1909f56bfc062723c751e8b465ee728b)
Start importing Assets/CasualGameSounds/DM-CGS-30.wav using Guid(130a177e727814a2ea78a886ab72213d) Importer(815301076,1909f56bfc062723c751e8b465ee728b)  -> (artifact id: 'a071beaa81370d51af6090c21179ab3f') in 0.139527 seconds
  Import took 0.143545 seconds .

========================================================================
Received Prepare
Registering precompiled user dll's ...
Registered in 0.018766 seconds.
Begin MonoManager ReloadAssembly
Native extension for Lumin target not found
Native extension for LinuxStandalone target not found
Native extension for WindowsStandalone target not found
Native extension for OSXStandalone target not found
Native extension for WebGL target not found
Refreshing native plugins compatible for Editor in 0.47 ms, found 2 plugins.
Preloading 0 native plugins for Editor in 0.00 ms.
Invoked RoslynAnalysisRunner static constructor.
RoslynAnalysisRunner will not be running.
RoslynAnalysisRunner has terminated.
Mono: successfully reloaded assembly
- Completed reload, in  3.286 seconds
Platform modules already initialized, skipping
Refreshing native plugins compatible for Editor in 0.58 ms, found 2 plugins.
Preloading 0 native plugins for Editor in 0.00 ms.
Unloading 1810 Unused Serialized files (Serialized files now loaded: 0)
System memory in use before: 182.9 MB.
System memory in use after: 183.0 MB.

Unloading 12 unused Assets to reduce memory usage. Loaded Objects now: 2357.
Total: 3.023949 ms (FindLiveObjects: 0.255045 ms CreateObjectMapping: 0.091223 ms MarkObjects: 2.524975 ms  DeleteObjects: 0.150024 ms)

========================================================================
Received Prepare
Registering precompiled user dll's ...
Registered in 0.000873 seconds.
Begin MonoManager ReloadAssembly
Native extension for Lumin target not found
Native extension for LinuxStandalone target not found
Native extension for WindowsStandalone target not found
Native extension for OSXStandalone target not found
Native extension for WebGL target not found
Refreshing native plugins compatible for Editor in 0.47 ms, found 2 plugins.
Preloading 0 native plugins for Editor in 0.00 ms.
Invoked RoslynAnalysisRunner static constructor.
RoslynAnalysisRunner will not be running.
RoslynAnalysisRunner has terminated.
Mono: successfully reloaded assembly
- Completed reload, in  1.832 seconds
Platform modules already initialized, skipping
Refreshing native plugins compatible for Editor in 0.50 ms, found 2 plugins.
Preloading 0 native plugins for Editor in 0.00 ms.
Unloading 1810 Unused Serialized files (Serialized files now loaded: 0)
System memory in use before: 183.0 MB.
System memory in use after: 183.0 MB.

Unloading 12 unused Assets to reduce memory usage. Loaded Objects now: 2360.
Total: 2.450615 ms (FindLiveObjects: 0.264738 ms CreateObjectMapping: 0.077275 ms MarkObjects: 1.969674 ms  DeleteObjects: 0.136843 ms)

========================================================================
Received Import Request.
  Time since last request: 866.292649 seconds.
  path: Assets/_Scripts/CharacterController2D.cs
  artifactKey: Guid(4ee606c962c5b4775bff8a51d1f4736d) Importer(815301076,1909f56bfc062723c751e8b465ee728b)
Start importing Assets/_Scripts/CharacterController2D.cs using Guid(4ee606c962c5b4775bff8a51d1f4736d) Importer(815301076,1909f56bfc062723c751e8b465ee728b)  -> (artifact id: 'b413c4d03f96b738c59e14735243b639') in 0.008599 seconds
  Import took 0.031943 seconds .

========================================================================
Received Prepare
Registering precompiled user dll's ...
Registered in 0.000873 seconds.
Begin MonoManager ReloadAssembly
Native extension for Lumin target not found
Native extension for LinuxStandalone target not found
Native extension for WindowsStandalone target not found
Native extension for OSXStandalone target not found
Native extension for WebGL target not found
Refreshing native plugins compatible for Editor in 0.49 ms, found 2 plugins.
Preloading 0 native plugins for Editor in 0.00 ms.
Invoked RoslynAnalysisRunner static constructor.
RoslynAnalysisRunner will not be running.
RoslynAnalysisRunner has terminated.
Mono: successfully reloaded assembly
- Completed reload, in  1.460 seconds
Platform modules already initialized, skipping
Refreshing native plugins compatible for Editor in 0.51 ms, found 2 plugins.
Preloading 0 native plugins for Editor in 0.00 ms.
Unloading 1810 Unused Serialized files (Serialized files now loaded: 0)
System memory in use before: 183.3 MB.
System memory in use after: 183.3 MB.

Unloading 12 unused Assets to reduce memory usage. Loaded Objects now: 2363.
Total: 2.867659 ms (FindLiveObjects: 0.253613 ms CreateObjectMapping: 0.077346 ms MarkObjects: 2.386126 ms  DeleteObjects: 0.148690 ms)

========================================================================
Received Import Request.
  Time since last request: 150.117143 seconds.
  path: Assets/_Scripts/CharacterController2D.cs
  artifactKey: Guid(4ee606c962c5b4775bff8a51d1f4736d) Importer(815301076,1909f56bfc062723c751e8b465ee728b)
Start importing Assets/_Scripts/CharacterController2D.cs using Guid(4ee606c962c5b4775bff8a51d1f4736d) Importer(815301076,1909f56bfc062723c751e8b465ee728b)  -> (artifact id: 'daa066252c95a2e019374193599fec4f') in 0.015789 seconds
  Import took 0.043640 seconds .

========================================================================
Received Prepare
Registering precompiled user dll's ...
Registered in 0.000793 seconds.
Begin MonoManager ReloadAssembly
Native extension for Lumin target not found
Native extension for LinuxStandalone target not found
Native extension for WindowsStandalone target not found
Native extension for OSXStandalone target not found
Native extension for WebGL target not found
Refreshing native plugins compatible for Editor in 0.50 ms, found 2 plugins.
Preloading 0 native plugins for Editor in 0.00 ms.
Invoked RoslynAnalysisRunner static constructor.
RoslynAnalysisRunner will not be running.
RoslynAnalysisRunner has terminated.
Mono: successfully reloaded assembly
- Completed reload, in  1.978 seconds
Platform modules already initialized, skipping
Refreshing native plugins compatible for Editor in 0.53 ms, found 2 plugins.
Preloading 0 native plugins for Editor in 0.00 ms.
Unloading 1810 Unused Serialized files (Serialized files now loaded: 0)
System memory in use before: 183.5 MB.
System memory in use after: 183.5 MB.

Unloading 12 unused Assets to reduce memory usage. Loaded Objects now: 2366.
Total: 2.696437 ms (FindLiveObjects: 0.300605 ms CreateObjectMapping: 0.092719 ms MarkObjects: 2.160765 ms  DeleteObjects: 0.140121 ms)

========================================================================
Received Prepare
Registering precompiled user dll's ...
Registered in 0.000887 seconds.
Begin MonoManager ReloadAssembly
Native extension for Lumin target not found
Native extension for LinuxStandalone target not found
Native extension for WindowsStandalone target not found
Native extension for OSXStandalone target not found
Native extension for WebGL target not found
Refreshing native plugins compatible for Editor in 0.50 ms, found 2 plugins.
Preloading 0 native plugins for Editor in 0.00 ms.
Invoked RoslynAnalysisRunner static constructor.
RoslynAnalysisRunner will not be running.
RoslynAnalysisRunner has terminated.
Mono: successfully reloaded assembly
- Completed reload, in  1.855 seconds
Platform modules already initialized, skipping
Refreshing native plugins compatible for Editor in 0.47 ms, found 2 plugins.
Preloading 0 native plugins for Editor in 0.00 ms.
Unloading 1810 Unused Serialized files (Serialized files now loaded: 0)
System memory in use before: 183.7 MB.
System memory in use after: 183.8 MB.

Unloading 12 unused Assets to reduce memory usage. Loaded Objects now: 2369.
Total: 2.618898 ms (FindLiveObjects: 0.268006 ms CreateObjectMapping: 0.076186 ms MarkObjects: 2.118265 ms  DeleteObjects: 0.153910 ms)

========================================================================
Received Import Request.
  Time since last request: 156.927120 seconds.
  path: Assets/_Scenes/Level2.unity
  artifactKey: Guid(fcc19fa4526864b2aab80a9fb833a428) Importer(815301076,1909f56bfc062723c751e8b465ee728b)
Start importing Assets/_Scenes/Level2.unity using Guid(fcc19fa4526864b2aab80a9fb833a428) Importer(815301076,1909f56bfc062723c751e8b465ee728b)  -> (artifact id: 'fab23b394423853eaea9bf87fc01c1ab') in 0.035174 seconds
  Import took 0.060594 seconds .

========================================================================
Received Import Request.
  Time since last request: 36.384120 seconds.
  path: Assets/_Scenes/Level2.unity
  artifactKey: Guid(fcc19fa4526864b2aab80a9fb833a428) Importer(815301076,1909f56bfc062723c751e8b465ee728b)
Start importing Assets/_Scenes/Level2.unity using Guid(fcc19fa4526864b2aab80a9fb833a428) Importer(815301076,1909f56bfc062723c751e8b465ee728b)  -> (artifact id: 'fc8d2c4ff1f322bb4f23eedde60033d8') in 0.012154 seconds
  Import took 0.016164 seconds .

========================================================================
Received Import Request.
  Time since last request: 0.003996 seconds.
  path: Assets/_Scenes/Level2.unity
  artifactKey: Guid(fcc19fa4526864b2aab80a9fb833a428) Importer(815301076,1909f56bfc062723c751e8b465ee728b)
Start importing Assets/_Scenes/Level2.unity using Guid(fcc19fa4526864b2aab80a9fb833a428) Importer(815301076,1909f56bfc062723c751e8b465ee728b)  -> (artifact id: 'fc8d2c4ff1f322bb4f23eedde60033d8') in 0.001982 seconds
  Import took 0.006180 seconds .

========================================================================
Received Import Request.
  Time since last request: 3.630582 seconds.
  path: Assets/_Scenes/Level1.unity
  artifactKey: Guid(2cda990e2423bbf4892e6590ba056729) Importer(815301076,1909f56bfc062723c751e8b465ee728b)
Start importing Assets/_Scenes/Level1.unity using Guid(2cda990e2423bbf4892e6590ba056729) Importer(815301076,1909f56bfc062723c751e8b465ee728b)  -> (artifact id: '9fa1c47448b4d583ef46604ec0544ae8') in 0.024401 seconds
  Import took 0.052387 seconds .

========================================================================
Received Prepare
Refreshing native plugins compatible for Editor in 130.89 ms, found 2 plugins.
Preloading 0 native plugins for Editor in 0.00 ms.
Unloading 10 Unused Serialized files (Serialized files now loaded: 0)
System memory in use before: 147.8 MB.
System memory in use after: 147.8 MB.

Unloading 10 unused Assets to reduce memory usage. Loaded Objects now: 2369.
Total: 2.599825 ms (FindLiveObjects: 0.236520 ms CreateObjectMapping: 0.069513 ms MarkObjects: 2.167734 ms  DeleteObjects: 0.124418 ms)

